This is pdfTeX, Version 3.14159265-2.6-1.40.15 (TeX Live 2014) (preloaded format=pdflatex 2014.5.25)  19 MAR 2015 11:37
entering extended mode
 \write18 enabled.
 file:line:error style messages enabled.
 %&-line parsing enabled.
**main.tex
(./main.tex
LaTeX2e <2014/05/01>
Babel <3.9k> and hyphenation patterns for 78 languages loaded.
(/usr/local/texlive/2014/texmf-dist/tex/latex/base/article.cls
Document Class: article 2007/10/19 v1.4h Standard LaTeX document class
(/usr/local/texlive/2014/texmf-dist/tex/latex/base/size10.clo
File: size10.clo 2007/10/19 v1.4h Standard LaTeX file (size option)
)
\c@part=\count79
\c@section=\count80
\c@subsection=\count81
\c@subsubsection=\count82
\c@paragraph=\count83
\c@subparagraph=\count84
\c@figure=\count85
\c@table=\count86
\abovecaptionskip=\skip41
\belowcaptionskip=\skip42
\bibindent=\dimen102
)
(/usr/local/texlive/2014/texmf-dist/tex/latex/amsmath/amsmath.sty
Package: amsmath 2013/01/14 v2.14 AMS math features
\@mathmargin=\skip43

For additional information on amsmath, use the `?' option.
(/usr/local/texlive/2014/texmf-dist/tex/latex/amsmath/amstext.sty
Package: amstext 2000/06/29 v2.01

(/usr/local/texlive/2014/texmf-dist/tex/latex/amsmath/amsgen.sty
File: amsgen.sty 1999/11/30 v2.0
\@emptytoks=\toks14
\ex@=\dimen103
))
(/usr/local/texlive/2014/texmf-dist/tex/latex/amsmath/amsbsy.sty
Package: amsbsy 1999/11/29 v1.2d
\pmbraise@=\dimen104
)
(/usr/local/texlive/2014/texmf-dist/tex/latex/amsmath/amsopn.sty
Package: amsopn 1999/12/14 v2.01 operator names
)
\inf@bad=\count87
LaTeX Info: Redefining \frac on input line 210.
\uproot@=\count88
\leftroot@=\count89
LaTeX Info: Redefining \overline on input line 306.
\classnum@=\count90
\DOTSCASE@=\count91
LaTeX Info: Redefining \ldots on input line 378.
LaTeX Info: Redefining \dots on input line 381.
LaTeX Info: Redefining \cdots on input line 466.
\Mathstrutbox@=\box26
\strutbox@=\box27
\big@size=\dimen105
LaTeX Font Info:    Redeclaring font encoding OML on input line 566.
LaTeX Font Info:    Redeclaring font encoding OMS on input line 567.
\macc@depth=\count92
\c@MaxMatrixCols=\count93
\dotsspace@=\muskip10
\c@parentequation=\count94
\dspbrk@lvl=\count95
\tag@help=\toks15
\row@=\count96
\column@=\count97
\maxfields@=\count98
\andhelp@=\toks16
\eqnshift@=\dimen106
\alignsep@=\dimen107
\tagshift@=\dimen108
\tagwidth@=\dimen109
\totwidth@=\dimen110
\lineht@=\dimen111
\@envbody=\toks17
\multlinegap=\skip44
\multlinetaggap=\skip45
\mathdisplay@stack=\toks18
LaTeX Info: Redefining \[ on input line 2665.
LaTeX Info: Redefining \] on input line 2666.
)
(/usr/local/texlive/2014/texmf-dist/tex/latex/xcolor/xcolor.sty
Package: xcolor 2007/01/21 v2.11 LaTeX color extensions (UK)

(/usr/local/texlive/2014/texmf-dist/tex/latex/latexconfig/color.cfg
File: color.cfg 2007/01/18 v1.5 color configuration of teTeX/TeXLive
)
Package xcolor Info: Driver file: pdftex.def on input line 225.

(/usr/local/texlive/2014/texmf-dist/tex/latex/pdftex-def/pdftex.def
File: pdftex.def 2011/05/27 v0.06d Graphics/color for pdfTeX

(/usr/local/texlive/2014/texmf-dist/tex/generic/oberdiek/infwarerr.sty
Package: infwarerr 2010/04/08 v1.3 Providing info/warning/error messages (HO)
)
(/usr/local/texlive/2014/texmf-dist/tex/generic/oberdiek/ltxcmds.sty
Package: ltxcmds 2011/11/09 v1.22 LaTeX kernel commands for general use (HO)
)
\Gread@gobject=\count99
)
Package xcolor Info: Model `cmy' substituted by `cmy0' on input line 1337.
Package xcolor Info: Model `hsb' substituted by `rgb' on input line 1341.
Package xcolor Info: Model `RGB' extended on input line 1353.
Package xcolor Info: Model `HTML' substituted by `rgb' on input line 1355.
Package xcolor Info: Model `Hsb' substituted by `hsb' on input line 1356.
Package xcolor Info: Model `tHsb' substituted by `hsb' on input line 1357.
Package xcolor Info: Model `HSB' substituted by `hsb' on input line 1358.
Package xcolor Info: Model `Gray' substituted by `gray' on input line 1359.
Package xcolor Info: Model `wave' substituted by `hsb' on input line 1360.
)
(/usr/local/texlive/2014/texmf-dist/tex/latex/subfig/subfig.sty
Package: subfig 2005/06/28 ver: 1.3 subfig package

(/usr/local/texlive/2014/texmf-dist/tex/latex/graphics/keyval.sty
Package: keyval 2014/05/08 v1.15 key=value parser (DPC)
\KV@toks@=\toks19
)
(/usr/local/texlive/2014/texmf-dist/tex/latex/caption/caption.sty
Package: caption 2013/05/02 v3.3-89 Customizing captions (AR)

(/usr/local/texlive/2014/texmf-dist/tex/latex/caption/caption3.sty
Package: caption3 2013/05/02 v1.6-88 caption3 kernel (AR)
Package caption3 Info: TeX engine: e-TeX on input line 57.
\captionmargin=\dimen112
\captionmargin@=\dimen113
\captionwidth=\dimen114
\caption@tempdima=\dimen115
\caption@indent=\dimen116
\caption@parindent=\dimen117
\caption@hangindent=\dimen118
)
\c@ContinuedFloat=\count100
)
\c@KVtest=\count101
\sf@farskip=\skip46
\sf@captopadj=\dimen119
\sf@capskip=\skip47
\sf@nearskip=\skip48
\c@subfigure=\count102
\c@subfigure@save=\count103
\c@lofdepth=\count104
\c@subtable=\count105
\c@subtable@save=\count106
\c@lotdepth=\count107
\sf@top=\skip49
\sf@bottom=\skip50
)
(/usr/local/texlive/2014/texmf-dist/tex/latex/geometry/geometry.sty
Package: geometry 2010/09/12 v5.6 Page Geometry

(/usr/local/texlive/2014/texmf-dist/tex/generic/oberdiek/ifpdf.sty
Package: ifpdf 2011/01/30 v2.3 Provides the ifpdf switch (HO)
Package ifpdf Info: pdfTeX in PDF mode is detected.
)
(/usr/local/texlive/2014/texmf-dist/tex/generic/oberdiek/ifvtex.sty
Package: ifvtex 2010/03/01 v1.5 Detect VTeX and its facilities (HO)
Package ifvtex Info: VTeX not detected.
)
(/usr/local/texlive/2014/texmf-dist/tex/generic/ifxetex/ifxetex.sty
Package: ifxetex 2010/09/12 v0.6 Provides ifxetex conditional
)
\Gm@cnth=\count108
\Gm@cntv=\count109
\c@Gm@tempcnt=\count110
\Gm@bindingoffset=\dimen120
\Gm@wd@mp=\dimen121
\Gm@odd@mp=\dimen122
\Gm@even@mp=\dimen123
\Gm@layoutwidth=\dimen124
\Gm@layoutheight=\dimen125
\Gm@layouthoffset=\dimen126
\Gm@layoutvoffset=\dimen127
\Gm@dimlist=\toks20
)
(/usr/local/texlive/2014/texmf-dist/tex/latex/graphics/graphicx.sty
Package: graphicx 2014/04/25 v1.0g Enhanced LaTeX Graphics (DPC,SPQR)

(/usr/local/texlive/2014/texmf-dist/tex/latex/graphics/graphics.sty
Package: graphics 2009/02/05 v1.0o Standard LaTeX Graphics (DPC,SPQR)

(/usr/local/texlive/2014/texmf-dist/tex/latex/graphics/trig.sty
Package: trig 1999/03/16 v1.09 sin cos tan (DPC)
)
(/usr/local/texlive/2014/texmf-dist/tex/latex/latexconfig/graphics.cfg
File: graphics.cfg 2010/04/23 v1.9 graphics configuration of TeX Live
)
Package graphics Info: Driver file: pdftex.def on input line 91.
)
\Gin@req@height=\dimen128
\Gin@req@width=\dimen129
)
(/usr/local/texlive/2014/texmf-dist/tex/latex/oberdiek/epstopdf.sty
Package: epstopdf 2010/02/09 v2.5 Conversion with epstopdf on the fly (HO)

(/usr/local/texlive/2014/texmf-dist/tex/latex/oberdiek/epstopdf-base.sty
Package: epstopdf-base 2010/02/09 v2.5 Base part for package epstopdf

(/usr/local/texlive/2014/texmf-dist/tex/latex/oberdiek/grfext.sty
Package: grfext 2010/08/19 v1.1 Manage graphics extensions (HO)

(/usr/local/texlive/2014/texmf-dist/tex/generic/oberdiek/kvdefinekeys.sty
Package: kvdefinekeys 2011/04/07 v1.3 Define keys (HO)
))
(/usr/local/texlive/2014/texmf-dist/tex/latex/oberdiek/kvoptions.sty
Package: kvoptions 2011/06/30 v3.11 Key value format for package options (HO)

(/usr/local/texlive/2014/texmf-dist/tex/generic/oberdiek/kvsetkeys.sty
Package: kvsetkeys 2012/04/25 v1.16 Key value parser (HO)

(/usr/local/texlive/2014/texmf-dist/tex/generic/oberdiek/etexcmds.sty
Package: etexcmds 2011/02/16 v1.5 Avoid name clashes with e-TeX commands (HO)

(/usr/local/texlive/2014/texmf-dist/tex/generic/oberdiek/ifluatex.sty
Package: ifluatex 2010/03/01 v1.3 Provides the ifluatex switch (HO)
Package ifluatex Info: LuaTeX not detected.
)
Package etexcmds Info: Could not find \expanded.
(etexcmds)             That can mean that you are not using pdfTeX 1.50 or
(etexcmds)             that some package has redefined \expanded.
(etexcmds)             In the latter case, load this package earlier.
)))
(/usr/local/texlive/2014/texmf-dist/tex/generic/oberdiek/pdftexcmds.sty
Package: pdftexcmds 2011/11/29 v0.20 Utility functions of pdfTeX for LuaTeX (HO
)
Package pdftexcmds Info: LuaTeX not detected.
Package pdftexcmds Info: \pdf@primitive is available.
Package pdftexcmds Info: \pdf@ifprimitive is available.
Package pdftexcmds Info: \pdfdraftmode found.
)
Package grfext Info: Graphics extension search list:
(grfext)             [.png,.pdf,.jpg,.mps,.jpeg,.jbig2,.jb2,.PNG,.PDF,.JPG,.JPE
G,.JBIG2,.JB2,.eps]
(grfext)             \AppendGraphicsExtensions on input line 452.

(/usr/local/texlive/2014/texmf-dist/tex/latex/latexconfig/epstopdf-sys.cfg
File: epstopdf-sys.cfg 2010/07/13 v1.3 Configuration of (r)epstopdf for TeX Liv
e
)))
(/usr/local/texlive/2014/texmf-dist/tex/latex/pxfonts/pxfonts.sty
Package: pxfonts 2008/01/22 v1.1.1
LaTeX Font Info:    Redeclaring symbol font `operators' on input line 21.
LaTeX Font Info:    Overwriting symbol font `operators' in version `normal'
(Font)                  OT1/cmr/m/n --> OT1/pxr/m/n on input line 21.
LaTeX Font Info:    Overwriting symbol font `operators' in version `bold'
(Font)                  OT1/cmr/bx/n --> OT1/pxr/m/n on input line 21.
LaTeX Font Info:    Overwriting symbol font `operators' in version `bold'
(Font)                  OT1/pxr/m/n --> OT1/pxr/bx/n on input line 22.
\symitalic=\mathgroup4
LaTeX Font Info:    Overwriting symbol font `italic' in version `bold'
(Font)                  OT1/pxr/m/it --> OT1/pxr/bx/it on input line 26.
LaTeX Font Info:    Redeclaring math alphabet \mathbf on input line 29.
LaTeX Font Info:    Overwriting math alphabet `\mathbf' in version `normal'
(Font)                  OT1/cmr/bx/n --> OT1/pxr/bx/n on input line 29.
LaTeX Font Info:    Overwriting math alphabet `\mathbf' in version `bold'
(Font)                  OT1/cmr/bx/n --> OT1/pxr/bx/n on input line 29.
LaTeX Font Info:    Redeclaring math alphabet \mathit on input line 30.
LaTeX Font Info:    Overwriting math alphabet `\mathit' in version `normal'
(Font)                  OT1/cmr/m/it --> OT1/pxr/m/it on input line 30.
LaTeX Font Info:    Overwriting math alphabet `\mathit' in version `bold'
(Font)                  OT1/cmr/bx/it --> OT1/pxr/m/it on input line 30.
LaTeX Font Info:    Overwriting math alphabet `\mathit' in version `bold'
(Font)                  OT1/pxr/m/it --> OT1/pxr/bx/it on input line 31.
LaTeX Font Info:    Redeclaring math alphabet \mathsf on input line 40.
LaTeX Font Info:    Overwriting math alphabet `\mathsf' in version `normal'
(Font)                  OT1/cmss/m/n --> OT1/pxss/m/n on input line 40.
LaTeX Font Info:    Overwriting math alphabet `\mathsf' in version `bold'
(Font)                  OT1/cmss/bx/n --> OT1/pxss/m/n on input line 40.
LaTeX Font Info:    Overwriting math alphabet `\mathsf' in version `bold'
(Font)                  OT1/pxss/m/n --> OT1/pxss/b/n on input line 41.
LaTeX Font Info:    Redeclaring math alphabet \mathtt on input line 50.
LaTeX Font Info:    Overwriting math alphabet `\mathtt' in version `normal'
(Font)                  OT1/cmtt/m/n --> OT1/pxtt/m/n on input line 50.
LaTeX Font Info:    Overwriting math alphabet `\mathtt' in version `bold'
(Font)                  OT1/cmtt/m/n --> OT1/pxtt/m/n on input line 50.
LaTeX Font Info:    Overwriting math alphabet `\mathtt' in version `bold'
(Font)                  OT1/pxtt/m/n --> OT1/pxtt/b/n on input line 51.
LaTeX Font Info:    Redeclaring symbol font `letters' on input line 58.
LaTeX Font Info:    Overwriting symbol font `letters' in version `normal'
(Font)                  OML/cmm/m/it --> OML/pxmi/m/it on input line 58.
LaTeX Font Info:    Overwriting symbol font `letters' in version `bold'
(Font)                  OML/cmm/b/it --> OML/pxmi/m/it on input line 58.
LaTeX Font Info:    Overwriting symbol font `letters' in version `bold'
(Font)                  OML/pxmi/m/it --> OML/pxmi/bx/it on input line 59.
\symlettersA=\mathgroup5
LaTeX Font Info:    Overwriting symbol font `lettersA' in version `bold'
(Font)                  U/pxmia/m/it --> U/pxmia/bx/it on input line 67.
LaTeX Font Info:    Redeclaring symbol font `symbols' on input line 77.
LaTeX Font Info:    Overwriting symbol font `symbols' in version `normal'
(Font)                  OMS/cmsy/m/n --> OMS/pxsy/m/n on input line 77.
LaTeX Font Info:    Overwriting symbol font `symbols' in version `bold'
(Font)                  OMS/cmsy/b/n --> OMS/pxsy/m/n on input line 77.
LaTeX Font Info:    Overwriting symbol font `symbols' in version `bold'
(Font)                  OMS/pxsy/m/n --> OMS/pxsy/bx/n on input line 78.
\symAMSa=\mathgroup6
LaTeX Font Info:    Overwriting symbol font `AMSa' in version `bold'
(Font)                  U/pxsya/m/n --> U/pxsya/bx/n on input line 94.
\symAMSb=\mathgroup7
LaTeX Font Info:    Overwriting symbol font `AMSb' in version `bold'
(Font)                  U/pxsyb/m/n --> U/pxsyb/bx/n on input line 103.
\symsymbolsC=\mathgroup8
LaTeX Font Info:    Overwriting symbol font `symbolsC' in version `bold'
(Font)                  U/pxsyc/m/n --> U/pxsyc/bx/n on input line 113.
LaTeX Font Info:    Redeclaring symbol font `largesymbols' on input line 120.
LaTeX Font Info:    Overwriting symbol font `largesymbols' in version `normal'
(Font)                  OMX/cmex/m/n --> OMX/pxex/m/n on input line 120.
LaTeX Font Info:    Overwriting symbol font `largesymbols' in version `bold'
(Font)                  OMX/cmex/m/n --> OMX/pxex/m/n on input line 120.
LaTeX Font Info:    Overwriting symbol font `largesymbols' in version `bold'
(Font)                  OMX/pxex/m/n --> OMX/pxex/bx/n on input line 121.
\symlargesymbolsA=\mathgroup9
LaTeX Font Info:    Overwriting symbol font `largesymbolsA' in version `bold'
(Font)                  U/pxexa/m/n --> U/pxexa/bx/n on input line 129.
LaTeX Info: Redefining \not on input line 997.
)
(/usr/local/texlive/2014/texmf-dist/tex/latex/setspace/setspace.sty
Package: setspace 2011/12/19 v6.7a set line spacing
)
(/usr/local/texlive/2014/texmf-dist/tex/latex/titlesec/titlesec.sty
Package: titlesec 2011/12/15 v2.10.0 Sectioning titles
\ttl@box=\box28
\beforetitleunit=\skip51
\aftertitleunit=\skip52
\ttl@plus=\dimen130
\ttl@minus=\dimen131
\ttl@toksa=\toks21
\titlewidth=\dimen132
\titlewidthlast=\dimen133
\titlewidthfirst=\dimen134
)
(/usr/local/texlive/2014/texmf-dist/tex/latex/booktabs/booktabs.sty
Package: booktabs 2005/04/14 v1.61803 publication quality tables
\heavyrulewidth=\dimen135
\lightrulewidth=\dimen136
\cmidrulewidth=\dimen137
\belowrulesep=\dimen138
\belowbottomsep=\dimen139
\aboverulesep=\dimen140
\abovetopsep=\dimen141
\cmidrulesep=\dimen142
\cmidrulekern=\dimen143
\defaultaddspace=\dimen144
\@cmidla=\count111
\@cmidlb=\count112
\@aboverulesep=\dimen145
\@belowrulesep=\dimen146
\@thisruleclass=\count113
\@lastruleclass=\count114
\@thisrulewidth=\dimen147
)
(/usr/local/texlive/2014/texmf-dist/tex/latex/fancyhdr/fancyhdr.sty
\fancy@headwidth=\skip53
\f@ncyO@elh=\skip54
\f@ncyO@erh=\skip55
\f@ncyO@olh=\skip56
\f@ncyO@orh=\skip57
\f@ncyO@elf=\skip58
\f@ncyO@erf=\skip59
\f@ncyO@olf=\skip60
\f@ncyO@orf=\skip61
)
(/usr/local/texlive/2014/texmf-dist/tex/latex/listings/listings.sty
\lst@mode=\count115
\lst@gtempboxa=\box29
\lst@token=\toks22
\lst@length=\count116
\lst@currlwidth=\dimen148
\lst@column=\count117
\lst@pos=\count118
\lst@lostspace=\dimen149
\lst@width=\dimen150
\lst@newlines=\count119
\lst@lineno=\count120
\lst@maxwidth=\dimen151

(/usr/local/texlive/2014/texmf-dist/tex/latex/listings/lstmisc.sty
File: lstmisc.sty 2014/03/04 1.5c (Carsten Heinz)
\c@lstnumber=\count121
\lst@skipnumbers=\count122
\lst@framebox=\box30
)
(/usr/local/texlive/2014/texmf-dist/tex/latex/listings/listings.cfg
File: listings.cfg 2014/03/04 1.5c listings configuration
))
Package: listings 2014/03/04 1.5c (Carsten Heinz)

(/usr/local/texlive/2014/texmf-dist/tex/latex/multirow/multirow.sty
\bigstrutjot=\dimen152
)
(/usr/local/texlive/2014/texmf-dist/tex/latex/pgf/frontendlayer/tikz.sty
(/usr/local/texlive/2014/texmf-dist/tex/latex/pgf/basiclayer/pgf.sty
(/usr/local/texlive/2014/texmf-dist/tex/latex/pgf/utilities/pgfrcs.sty
(/usr/local/texlive/2014/texmf-dist/tex/generic/pgf/utilities/pgfutil-common.te
x
\pgfutil@everybye=\toks23
\pgfutil@tempdima=\dimen153
\pgfutil@tempdimb=\dimen154

(/usr/local/texlive/2014/texmf-dist/tex/generic/pgf/utilities/pgfutil-common-li
sts.tex))
(/usr/local/texlive/2014/texmf-dist/tex/generic/pgf/utilities/pgfutil-latex.def
\pgfutil@abb=\box31
(/usr/local/texlive/2014/texmf-dist/tex/latex/ms/everyshi.sty
Package: everyshi 2001/05/15 v3.00 EveryShipout Package (MS)
))
(/usr/local/texlive/2014/texmf-dist/tex/generic/pgf/utilities/pgfrcs.code.tex
Package: pgfrcs 2013/12/20 v3.0.0 (rcs-revision 1.28)
))
Package: pgf 2013/12/18 v3.0.0 (rcs-revision 1.14)
(/usr/local/texlive/2014/texmf-dist/tex/latex/pgf/basiclayer/pgfcore.sty
(/usr/local/texlive/2014/texmf-dist/tex/latex/pgf/systemlayer/pgfsys.sty
(/usr/local/texlive/2014/texmf-dist/tex/generic/pgf/systemlayer/pgfsys.code.tex
Package: pgfsys 2013/11/30 v3.0.0 (rcs-revision 1.47)
(/usr/local/texlive/2014/texmf-dist/tex/generic/pgf/utilities/pgfkeys.code.tex
\pgfkeys@pathtoks=\toks24
\pgfkeys@temptoks=\toks25

(/usr/local/texlive/2014/texmf-dist/tex/generic/pgf/utilities/pgfkeysfiltered.c
ode.tex
\pgfkeys@tmptoks=\toks26
))
\pgf@x=\dimen155
\pgf@y=\dimen156
\pgf@xa=\dimen157
\pgf@ya=\dimen158
\pgf@xb=\dimen159
\pgf@yb=\dimen160
\pgf@xc=\dimen161
\pgf@yc=\dimen162
\w@pgf@writea=\write3
\r@pgf@reada=\read1
\c@pgf@counta=\count123
\c@pgf@countb=\count124
\c@pgf@countc=\count125
\c@pgf@countd=\count126
\t@pgf@toka=\toks27
\t@pgf@tokb=\toks28
\t@pgf@tokc=\toks29

(/usr/local/texlive/2014/texmf-dist/tex/generic/pgf/systemlayer/pgf.cfg
File: pgf.cfg 2008/05/14  (rcs-revision 1.7)
)
Driver file for pgf: pgfsys-pdftex.def

(/usr/local/texlive/2014/texmf-dist/tex/generic/pgf/systemlayer/pgfsys-pdftex.d
ef
File: pgfsys-pdftex.def 2013/07/18  (rcs-revision 1.33)

(/usr/local/texlive/2014/texmf-dist/tex/generic/pgf/systemlayer/pgfsys-common-p
df.def
File: pgfsys-common-pdf.def 2013/10/10  (rcs-revision 1.13)
)))
(/usr/local/texlive/2014/texmf-dist/tex/generic/pgf/systemlayer/pgfsyssoftpath.
code.tex
File: pgfsyssoftpath.code.tex 2013/09/09  (rcs-revision 1.9)
\pgfsyssoftpath@smallbuffer@items=\count127
\pgfsyssoftpath@bigbuffer@items=\count128
)
(/usr/local/texlive/2014/texmf-dist/tex/generic/pgf/systemlayer/pgfsysprotocol.
code.tex
File: pgfsysprotocol.code.tex 2006/10/16  (rcs-revision 1.4)
))
(/usr/local/texlive/2014/texmf-dist/tex/generic/pgf/basiclayer/pgfcore.code.tex
Package: pgfcore 2010/04/11 v3.0.0 (rcs-revision 1.7)
(/usr/local/texlive/2014/texmf-dist/tex/generic/pgf/math/pgfmath.code.tex
(/usr/local/texlive/2014/texmf-dist/tex/generic/pgf/math/pgfmathcalc.code.tex
(/usr/local/texlive/2014/texmf-dist/tex/generic/pgf/math/pgfmathutil.code.tex)
(/usr/local/texlive/2014/texmf-dist/tex/generic/pgf/math/pgfmathparser.code.tex
\pgfmath@dimen=\dimen163
\pgfmath@count=\count129
\pgfmath@box=\box32
\pgfmath@toks=\toks30
\pgfmath@stack@operand=\toks31
\pgfmath@stack@operation=\toks32
)
(/usr/local/texlive/2014/texmf-dist/tex/generic/pgf/math/pgfmathfunctions.code.
tex
(/usr/local/texlive/2014/texmf-dist/tex/generic/pgf/math/pgfmathfunctions.basic
.code.tex)
(/usr/local/texlive/2014/texmf-dist/tex/generic/pgf/math/pgfmathfunctions.trigo
nometric.code.tex)
(/usr/local/texlive/2014/texmf-dist/tex/generic/pgf/math/pgfmathfunctions.rando
m.code.tex)
(/usr/local/texlive/2014/texmf-dist/tex/generic/pgf/math/pgfmathfunctions.compa
rison.code.tex)
(/usr/local/texlive/2014/texmf-dist/tex/generic/pgf/math/pgfmathfunctions.base.
code.tex)
(/usr/local/texlive/2014/texmf-dist/tex/generic/pgf/math/pgfmathfunctions.round
.code.tex)
(/usr/local/texlive/2014/texmf-dist/tex/generic/pgf/math/pgfmathfunctions.misc.
code.tex)
(/usr/local/texlive/2014/texmf-dist/tex/generic/pgf/math/pgfmathfunctions.integ
erarithmetics.code.tex)))
(/usr/local/texlive/2014/texmf-dist/tex/generic/pgf/math/pgfmathfloat.code.tex
\c@pgfmathroundto@lastzeros=\count130
))
(/usr/local/texlive/2014/texmf-dist/tex/generic/pgf/basiclayer/pgfcorepoints.co
de.tex
File: pgfcorepoints.code.tex 2013/10/07  (rcs-revision 1.27)
\pgf@picminx=\dimen164
\pgf@picmaxx=\dimen165
\pgf@picminy=\dimen166
\pgf@picmaxy=\dimen167
\pgf@pathminx=\dimen168
\pgf@pathmaxx=\dimen169
\pgf@pathminy=\dimen170
\pgf@pathmaxy=\dimen171
\pgf@xx=\dimen172
\pgf@xy=\dimen173
\pgf@yx=\dimen174
\pgf@yy=\dimen175
\pgf@zx=\dimen176
\pgf@zy=\dimen177
)
(/usr/local/texlive/2014/texmf-dist/tex/generic/pgf/basiclayer/pgfcorepathconst
ruct.code.tex
File: pgfcorepathconstruct.code.tex 2013/10/07  (rcs-revision 1.29)
\pgf@path@lastx=\dimen178
\pgf@path@lasty=\dimen179
)
(/usr/local/texlive/2014/texmf-dist/tex/generic/pgf/basiclayer/pgfcorepathusage
.code.tex
File: pgfcorepathusage.code.tex 2013/12/13  (rcs-revision 1.23)
\pgf@shorten@end@additional=\dimen180
\pgf@shorten@start@additional=\dimen181
)
(/usr/local/texlive/2014/texmf-dist/tex/generic/pgf/basiclayer/pgfcorescopes.co
de.tex
File: pgfcorescopes.code.tex 2013/10/09  (rcs-revision 1.44)
\pgfpic=\box33
\pgf@hbox=\box34
\pgf@layerbox@main=\box35
\pgf@picture@serial@count=\count131
)
(/usr/local/texlive/2014/texmf-dist/tex/generic/pgf/basiclayer/pgfcoregraphicst
ate.code.tex
File: pgfcoregraphicstate.code.tex 2013/09/19  (rcs-revision 1.11)
\pgflinewidth=\dimen182
)
(/usr/local/texlive/2014/texmf-dist/tex/generic/pgf/basiclayer/pgfcoretransform
ations.code.tex
File: pgfcoretransformations.code.tex 2013/10/10  (rcs-revision 1.17)
\pgf@pt@x=\dimen183
\pgf@pt@y=\dimen184
\pgf@pt@temp=\dimen185
)
(/usr/local/texlive/2014/texmf-dist/tex/generic/pgf/basiclayer/pgfcorequick.cod
e.tex
File: pgfcorequick.code.tex 2008/10/09  (rcs-revision 1.3)
)
(/usr/local/texlive/2014/texmf-dist/tex/generic/pgf/basiclayer/pgfcoreobjects.c
ode.tex
File: pgfcoreobjects.code.tex 2006/10/11  (rcs-revision 1.2)
)
(/usr/local/texlive/2014/texmf-dist/tex/generic/pgf/basiclayer/pgfcorepathproce
ssing.code.tex
File: pgfcorepathprocessing.code.tex 2013/09/09  (rcs-revision 1.9)
)
(/usr/local/texlive/2014/texmf-dist/tex/generic/pgf/basiclayer/pgfcorearrows.co
de.tex
File: pgfcorearrows.code.tex 2013/11/07  (rcs-revision 1.40)
\pgfarrowsep=\dimen186
)
(/usr/local/texlive/2014/texmf-dist/tex/generic/pgf/basiclayer/pgfcoreshade.cod
e.tex
File: pgfcoreshade.code.tex 2013/07/15  (rcs-revision 1.15)
\pgf@max=\dimen187
\pgf@sys@shading@range@num=\count132
)
(/usr/local/texlive/2014/texmf-dist/tex/generic/pgf/basiclayer/pgfcoreimage.cod
e.tex
File: pgfcoreimage.code.tex 2013/07/15  (rcs-revision 1.18)

(/usr/local/texlive/2014/texmf-dist/tex/generic/pgf/basiclayer/pgfcoreexternal.
code.tex
File: pgfcoreexternal.code.tex 2013/07/15  (rcs-revision 1.20)
\pgfexternal@startupbox=\box36
))
(/usr/local/texlive/2014/texmf-dist/tex/generic/pgf/basiclayer/pgfcorelayers.co
de.tex
File: pgfcorelayers.code.tex 2013/07/18  (rcs-revision 1.7)
)
(/usr/local/texlive/2014/texmf-dist/tex/generic/pgf/basiclayer/pgfcoretranspare
ncy.code.tex
File: pgfcoretransparency.code.tex 2013/09/30  (rcs-revision 1.5)
)
(/usr/local/texlive/2014/texmf-dist/tex/generic/pgf/basiclayer/pgfcorepatterns.
code.tex
File: pgfcorepatterns.code.tex 2013/11/07  (rcs-revision 1.5)
)))
(/usr/local/texlive/2014/texmf-dist/tex/generic/pgf/modules/pgfmoduleshapes.cod
e.tex
File: pgfmoduleshapes.code.tex 2013/10/31  (rcs-revision 1.34)
\pgfnodeparttextbox=\box37
)
(/usr/local/texlive/2014/texmf-dist/tex/generic/pgf/modules/pgfmoduleplot.code.
tex
File: pgfmoduleplot.code.tex 2013/07/31  (rcs-revision 1.12)
)
(/usr/local/texlive/2014/texmf-dist/tex/latex/pgf/compatibility/pgfcomp-version
-0-65.sty
Package: pgfcomp-version-0-65 2007/07/03 v3.0.0 (rcs-revision 1.7)
\pgf@nodesepstart=\dimen188
\pgf@nodesepend=\dimen189
)
(/usr/local/texlive/2014/texmf-dist/tex/latex/pgf/compatibility/pgfcomp-version
-1-18.sty
Package: pgfcomp-version-1-18 2007/07/23 v3.0.0 (rcs-revision 1.1)
))
(/usr/local/texlive/2014/texmf-dist/tex/latex/pgf/utilities/pgffor.sty
(/usr/local/texlive/2014/texmf-dist/tex/latex/pgf/utilities/pgfkeys.sty
(/usr/local/texlive/2014/texmf-dist/tex/generic/pgf/utilities/pgfkeys.code.tex)
) (/usr/local/texlive/2014/texmf-dist/tex/latex/pgf/math/pgfmath.sty
(/usr/local/texlive/2014/texmf-dist/tex/generic/pgf/math/pgfmath.code.tex))
(/usr/local/texlive/2014/texmf-dist/tex/generic/pgf/utilities/pgffor.code.tex
Package: pgffor 2013/12/13 v3.0.0 (rcs-revision 1.25)

(/usr/local/texlive/2014/texmf-dist/tex/generic/pgf/math/pgfmath.code.tex)
\pgffor@iter=\dimen190
\pgffor@skip=\dimen191
\pgffor@stack=\toks33
\pgffor@toks=\toks34
))
(/usr/local/texlive/2014/texmf-dist/tex/generic/pgf/frontendlayer/tikz/tikz.cod
e.tex
Package: tikz 2013/12/13 v3.0.0 (rcs-revision 1.142)

(/usr/local/texlive/2014/texmf-dist/tex/generic/pgf/libraries/pgflibraryplothan
dlers.code.tex
File: pgflibraryplothandlers.code.tex 2013/08/31 v3.0.0 (rcs-revision 1.20)
\pgf@plot@mark@count=\count133
\pgfplotmarksize=\dimen192
)
\tikz@lastx=\dimen193
\tikz@lasty=\dimen194
\tikz@lastxsaved=\dimen195
\tikz@lastysaved=\dimen196
\tikzleveldistance=\dimen197
\tikzsiblingdistance=\dimen198
\tikz@figbox=\box38
\tikz@figbox@bg=\box39
\tikz@tempbox=\box40
\tikz@tempbox@bg=\box41
\tikztreelevel=\count134
\tikznumberofchildren=\count135
\tikznumberofcurrentchild=\count136
\tikz@fig@count=\count137

(/usr/local/texlive/2014/texmf-dist/tex/generic/pgf/modules/pgfmodulematrix.cod
e.tex
File: pgfmodulematrix.code.tex 2013/09/17  (rcs-revision 1.8)
\pgfmatrixcurrentrow=\count138
\pgfmatrixcurrentcolumn=\count139
\pgf@matrix@numberofcolumns=\count140
)
\tikz@expandcount=\count141

(/usr/local/texlive/2014/texmf-dist/tex/generic/pgf/frontendlayer/tikz/librarie
s/tikzlibrarytopaths.code.tex
File: tikzlibrarytopaths.code.tex 2008/06/17 v3.0.0 (rcs-revision 1.2)
)))
(/usr/local/texlive/2014/texmf-dist/tex/latex/ms/ragged2e.sty
Package: ragged2e 2009/05/21 v2.1 ragged2e Package (MS)

(/usr/local/texlive/2014/texmf-dist/tex/latex/ms/everysel.sty
Package: everysel 2011/10/28 v1.2 EverySelectfont Package (MS)
)
\CenteringLeftskip=\skip62
\RaggedLeftLeftskip=\skip63
\RaggedRightLeftskip=\skip64
\CenteringRightskip=\skip65
\RaggedLeftRightskip=\skip66
\RaggedRightRightskip=\skip67
\CenteringParfillskip=\skip68
\RaggedLeftParfillskip=\skip69
\RaggedRightParfillskip=\skip70
\JustifyingParfillskip=\skip71
\CenteringParindent=\skip72
\RaggedLeftParindent=\skip73
\RaggedRightParindent=\skip74
\JustifyingParindent=\skip75
)
(/usr/local/texlive/2014/texmf-dist/tex/generic/pgf/frontendlayer/tikz/librarie
s/tikzlibrarypositioning.code.tex
File: tikzlibrarypositioning.code.tex 2008/10/06 v3.0.0 (rcs-revision 1.7)
)
(/usr/local/texlive/2014/texmf-dist/tex/generic/pgf/frontendlayer/tikz/librarie
s/tikzlibraryfit.code.tex
File: tikzlibraryfit.code.tex 2013/07/12 v3.0.0 (rcs-revision 1.5)
)

LaTeX Warning: Unused global option(s):
    [letter].

(./main.aux)
\openout1 = `main.aux'.

LaTeX Font Info:    Checking defaults for OML/pxmi/m/it on input line 31.
LaTeX Font Info:    Try loading font information for OML+pxmi on input line 31.

 (/usr/local/texlive/2014/texmf-dist/tex/latex/pxfonts/omlpxmi.fd
File: omlpxmi.fd 2000/12/14 v1.0
)
LaTeX Font Info:    ... okay on input line 31.
LaTeX Font Info:    Checking defaults for T1/cmr/m/n on input line 31.
LaTeX Font Info:    ... okay on input line 31.
LaTeX Font Info:    Checking defaults for OT1/cmr/m/n on input line 31.
LaTeX Font Info:    ... okay on input line 31.
LaTeX Font Info:    Checking defaults for OMS/pxsy/m/n on input line 31.
LaTeX Font Info:    Try loading font information for OMS+pxsy on input line 31.


(/usr/local/texlive/2014/texmf-dist/tex/latex/pxfonts/omspxsy.fd
File: omspxsy.fd 2000/12/14 v1.0
)
LaTeX Font Info:    ... okay on input line 31.
LaTeX Font Info:    Checking defaults for OMX/pxex/m/n on input line 31.
LaTeX Font Info:    Try loading font information for OMX+pxex on input line 31.


(/usr/local/texlive/2014/texmf-dist/tex/latex/pxfonts/omxpxex.fd
File: omxpxex.fd 2000/12/14 v1.0
)
LaTeX Font Info:    ... okay on input line 31.
LaTeX Font Info:    Checking defaults for U/pxexa/m/n on input line 31.
LaTeX Font Info:    Try loading font information for U+pxexa on input line 31.

(/usr/local/texlive/2014/texmf-dist/tex/latex/pxfonts/upxexa.fd
File: upxexa.fd 2000/12/14 v1.0
)
LaTeX Font Info:    ... okay on input line 31.
LaTeX Font Info:    Try loading font information for OT1+pxr on input line 31.

(/usr/local/texlive/2014/texmf-dist/tex/latex/pxfonts/ot1pxr.fd
File: ot1pxr.fd 2000/12/14 v1.0
)
(/usr/local/texlive/2014/texmf-dist/tex/context/base/supp-pdf.mkii
[Loading MPS to PDF converter (version 2006.09.02).]
\scratchcounter=\count142
\scratchdimen=\dimen199
\scratchbox=\box42
\nofMPsegments=\count143
\nofMParguments=\count144
\everyMPshowfont=\toks35
\MPscratchCnt=\count145
\MPscratchDim=\dimen200
\MPnumerator=\count146
\makeMPintoPDFobject=\count147
\everyMPtoPDFconversion=\toks36
)
Package caption Info: Begin \AtBeginDocument code.
Package caption Info: subfig package v1.3 is loaded.
Package caption Info: listings package is loaded.
Package caption Info: End \AtBeginDocument code.

*geometry* driver: auto-detecting
*geometry* detected driver: pdftex
*geometry* verbose mode - [ preamble ] result:
* driver: pdftex
* paper: <default>
* layout: <same size as paper>
* layoutoffset:(h,v)=(0.0pt,0.0pt)
* modes: 
* h-part:(L,W,R)=(72.26999pt, 469.75502pt, 72.26999pt)
* v-part:(T,H,B)=(72.26999pt, 650.43001pt, 72.26999pt)
* \paperwidth=614.295pt
* \paperheight=794.96999pt
* \textwidth=469.75502pt
* \textheight=650.43001pt
* \oddsidemargin=0.0pt
* \evensidemargin=0.0pt
* \topmargin=-37.0pt
* \headheight=12.0pt
* \headsep=25.0pt
* \topskip=10.0pt
* \footskip=30.0pt
* \marginparwidth=65.0pt
* \marginparsep=11.0pt
* \columnsep=10.0pt
* \skip\footins=9.0pt plus 4.0pt minus 2.0pt
* \hoffset=0.0pt
* \voffset=0.0pt
* \mag=1000
* \@twocolumnfalse
* \@twosidefalse
* \@mparswitchfalse
* \@reversemarginfalse
* (1in=72.27pt=25.4mm, 1cm=28.453pt)

\c@lstlisting=\count148
ABD: EveryShipout initializing macros ABD: EverySelectfont initializing macros
LaTeX Info: Redefining \selectfont on input line 31.
Package epstopdf Info: Source file: <evolutus-with-text-blue.eps>
(epstopdf)                    date: 2015-02-01 13:08:00
(epstopdf)                    size: 40591 bytes
(epstopdf)             Output file: <evolutus-with-text-blue-eps-converted-to.p
df>
(epstopdf)                    date: 2015-02-01 13:08:00
(epstopdf)                    size: 17592 bytes
(epstopdf)             Command: <epstopdf --outfile=evolutus-with-text-blue-eps
-converted-to.pdf evolutus-with-text-blue.eps>
(epstopdf)             \includegraphics on input line 36.
Package epstopdf Info: Output file is already uptodate.

<evolutus-with-text-blue-eps-converted-to.pdf, id=4, 455.7025pt x 117.43875pt>
File: evolutus-with-text-blue-eps-converted-to.pdf Graphic file (type pdf)

<use evolutus-with-text-blue-eps-converted-to.pdf>
Package pdftex.def Info: evolutus-with-text-blue-eps-converted-to.pdf used on i
nput line 36.
(pdftex.def)             Requested size: 182.27776pt x 46.97466pt.

Underfull \hbox (badness 10000) in paragraph at lines 39--41

 []

[1

{/usr/local/texlive/2014/texmf-var/fonts/map/pdftex/updmap/pdftex.map} <./evolu
tus-with-text-blue-eps-converted-to.pdf>]
Package epstopdf Info: Source file: <b_x.eps>
(epstopdf)                    date: 2015-03-19 00:15:54
(epstopdf)                    size: 130730 bytes
(epstopdf)             Output file: <b_x-eps-converted-to.pdf>
(epstopdf)                    date: 2015-03-19 00:19:36
(epstopdf)                    size: 50803 bytes
(epstopdf)             Command: <epstopdf --outfile=b_x-eps-converted-to.pdf b_
x.eps>
(epstopdf)             \includegraphics on input line 66.
Package epstopdf Info: Output file is already uptodate.

<b_x-eps-converted-to.pdf, id=30, 487.8225pt x 382.42876pt>
File: b_x-eps-converted-to.pdf Graphic file (type pdf)

<use b_x-eps-converted-to.pdf>
Package pdftex.def Info: b_x-eps-converted-to.pdf used on input line 66.
(pdftex.def)             Requested size: 117.43875pt x 92.06487pt.
LaTeX Font Info:    Try loading font information for U+pxmia on input line 67.

(/usr/local/texlive/2014/texmf-dist/tex/latex/pxfonts/upxmia.fd
File: upxmia.fd 2000/12/14 v1.0
)
LaTeX Font Info:    Try loading font information for U+pxsya on input line 67.

(/usr/local/texlive/2014/texmf-dist/tex/latex/pxfonts/upxsya.fd
File: upxsya.fd 2000/12/14 v1.0
)
LaTeX Font Info:    Try loading font information for U+pxsyb on input line 67.

(/usr/local/texlive/2014/texmf-dist/tex/latex/pxfonts/upxsyb.fd
File: utxsyb.fd 2000/12/14 v1.0
)
LaTeX Font Info:    Try loading font information for U+pxsyc on input line 67.

(/usr/local/texlive/2014/texmf-dist/tex/latex/pxfonts/upxsyc.fd
File: upxsyc.fd 2000/12/14 v1.0
)
Package epstopdf Info: Source file: <b_y.eps>
(epstopdf)                    date: 2015-03-19 00:15:53
(epstopdf)                    size: 129655 bytes
(epstopdf)             Output file: <b_y-eps-converted-to.pdf>
(epstopdf)                    date: 2015-03-19 00:19:37
(epstopdf)                    size: 50561 bytes
(epstopdf)             Command: <epstopdf --outfile=b_y-eps-converted-to.pdf b_
y.eps>
(epstopdf)             \includegraphics on input line 70.
Package epstopdf Info: Output file is already uptodate.

<b_y-eps-converted-to.pdf, id=31, 487.8225pt x 382.42876pt>
File: b_y-eps-converted-to.pdf Graphic file (type pdf)

<use b_y-eps-converted-to.pdf>
Package pdftex.def Info: b_y-eps-converted-to.pdf used on input line 70.
(pdftex.def)             Requested size: 117.43875pt x 92.06487pt.
Package epstopdf Info: Source file: <b_z.eps>
(epstopdf)                    date: 2015-03-19 00:15:52
(epstopdf)                    size: 129914 bytes
(epstopdf)             Output file: <b_z-eps-converted-to.pdf>
(epstopdf)                    date: 2015-03-19 00:20:40
(epstopdf)                    size: 49928 bytes
(epstopdf)             Command: <epstopdf --outfile=b_z-eps-converted-to.pdf b_
z.eps>
(epstopdf)             \includegraphics on input line 74.
Package epstopdf Info: Output file is already uptodate.

<b_z-eps-converted-to.pdf, id=32, 487.8225pt x 382.42876pt>
File: b_z-eps-converted-to.pdf Graphic file (type pdf)

<use b_z-eps-converted-to.pdf>
Package pdftex.def Info: b_z-eps-converted-to.pdf used on input line 74.
(pdftex.def)             Requested size: 117.43875pt x 92.06487pt.
Package epstopdf Info: Source file: <b_yaw.eps>
(epstopdf)                    date: 2015-03-19 00:15:55
(epstopdf)                    size: 130093 bytes
(epstopdf)             Output file: <b_yaw-eps-converted-to.pdf>
(epstopdf)                    date: 2015-03-19 00:20:41
(epstopdf)                    size: 49943 bytes
(epstopdf)             Command: <epstopdf --outfile=b_yaw-eps-converted-to.pdf 
b_yaw.eps>
(epstopdf)             \includegraphics on input line 78.
Package epstopdf Info: Output file is already uptodate.

<b_yaw-eps-converted-to.pdf, id=33, 478.78876pt x 382.42876pt>
File: b_yaw-eps-converted-to.pdf Graphic file (type pdf)

<use b_yaw-eps-converted-to.pdf>
Package pdftex.def Info: b_yaw-eps-converted-to.pdf used on input line 78.
(pdftex.def)             Requested size: 117.43875pt x 93.80382pt.
Package epstopdf Info: Source file: <i_x.eps>
(epstopdf)                    date: 2015-03-19 00:13:46
(epstopdf)                    size: 130686 bytes
(epstopdf)             Output file: <i_x-eps-converted-to.pdf>
(epstopdf)                    date: 2015-03-19 00:20:41
(epstopdf)                    size: 50834 bytes
(epstopdf)             Command: <epstopdf --outfile=i_x-eps-converted-to.pdf i_
x.eps>
(epstopdf)             \includegraphics on input line 89.
Package epstopdf Info: Output file is already uptodate.

<i_x-eps-converted-to.pdf, id=34, 487.8225pt x 382.42876pt>
File: i_x-eps-converted-to.pdf Graphic file (type pdf)

<use i_x-eps-converted-to.pdf>
Package pdftex.def Info: i_x-eps-converted-to.pdf used on input line 89.
(pdftex.def)             Requested size: 117.43875pt x 92.06487pt.
Package epstopdf Info: Source file: <i_y.eps>
(epstopdf)                    date: 2015-03-19 00:13:45
(epstopdf)                    size: 129561 bytes
(epstopdf)             Output file: <i_y-eps-converted-to.pdf>
(epstopdf)                    date: 2015-03-19 00:20:42
(epstopdf)                    size: 50662 bytes
(epstopdf)             Command: <epstopdf --outfile=i_y-eps-converted-to.pdf i_
y.eps>
(epstopdf)             \includegraphics on input line 93.
Package epstopdf Info: Output file is already uptodate.

<i_y-eps-converted-to.pdf, id=35, 487.8225pt x 382.42876pt>
File: i_y-eps-converted-to.pdf Graphic file (type pdf)

<use i_y-eps-converted-to.pdf>
Package pdftex.def Info: i_y-eps-converted-to.pdf used on input line 93.
(pdftex.def)             Requested size: 117.43875pt x 92.06487pt.
Package epstopdf Info: Source file: <i_z.eps>
(epstopdf)                    date: 2015-03-19 00:13:44
(epstopdf)                    size: 130161 bytes
(epstopdf)             Output file: <i_z-eps-converted-to.pdf>
(epstopdf)                    date: 2015-03-19 00:20:43
(epstopdf)                    size: 50526 bytes
(epstopdf)             Command: <epstopdf --outfile=i_z-eps-converted-to.pdf i_
z.eps>
(epstopdf)             \includegraphics on input line 97.
Package epstopdf Info: Output file is already uptodate.

<i_z-eps-converted-to.pdf, id=36, 487.8225pt x 382.42876pt>
File: i_z-eps-converted-to.pdf Graphic file (type pdf)

<use i_z-eps-converted-to.pdf>
Package pdftex.def Info: i_z-eps-converted-to.pdf used on input line 97.
(pdftex.def)             Requested size: 117.43875pt x 92.06487pt.
Package epstopdf Info: Source file: <i_yaw.eps>
(epstopdf)                    date: 2015-03-19 00:23:46
(epstopdf)                    size: 130013 bytes
(epstopdf)             Output file: <i_yaw-eps-converted-to.pdf>
(epstopdf)                    date: 2015-03-19 00:24:23
(epstopdf)                    size: 49995 bytes
(epstopdf)             Command: <epstopdf --outfile=i_yaw-eps-converted-to.pdf 
i_yaw.eps>
(epstopdf)             \includegraphics on input line 101.
Package epstopdf Info: Output file is already uptodate.

<i_yaw-eps-converted-to.pdf, id=37, 478.78876pt x 382.42876pt>
File: i_yaw-eps-converted-to.pdf Graphic file (type pdf)

<use i_yaw-eps-converted-to.pdf>
Package pdftex.def Info: i_yaw-eps-converted-to.pdf used on input line 101.
(pdftex.def)             Requested size: 117.43875pt x 93.80382pt.
Package epstopdf Info: Source file: <q_x.eps>
(epstopdf)                    date: 2015-03-19 00:12:23
(epstopdf)                    size: 130714 bytes
(epstopdf)             Output file: <q_x-eps-converted-to.pdf>
(epstopdf)                    date: 2015-03-19 00:24:23
(epstopdf)                    size: 51117 bytes
(epstopdf)             Command: <epstopdf --outfile=q_x-eps-converted-to.pdf q_
x.eps>
(epstopdf)             \includegraphics on input line 112.
Package epstopdf Info: Output file is already uptodate.

<q_x-eps-converted-to.pdf, id=38, 487.8225pt x 382.42876pt>
File: q_x-eps-converted-to.pdf Graphic file (type pdf)

<use q_x-eps-converted-to.pdf>
Package pdftex.def Info: q_x-eps-converted-to.pdf used on input line 112.
(pdftex.def)             Requested size: 117.43875pt x 92.06487pt.
Package epstopdf Info: Source file: <q_y.eps>
(epstopdf)                    date: 2015-03-19 00:12:22
(epstopdf)                    size: 129699 bytes
(epstopdf)             Output file: <q_y-eps-converted-to.pdf>
(epstopdf)                    date: 2015-03-19 00:24:24
(epstopdf)                    size: 50818 bytes
(epstopdf)             Command: <epstopdf --outfile=q_y-eps-converted-to.pdf q_
y.eps>
(epstopdf)             \includegraphics on input line 116.
Package epstopdf Info: Output file is already uptodate.

<q_y-eps-converted-to.pdf, id=39, 487.8225pt x 382.42876pt>
File: q_y-eps-converted-to.pdf Graphic file (type pdf)

<use q_y-eps-converted-to.pdf>
Package pdftex.def Info: q_y-eps-converted-to.pdf used on input line 116.
(pdftex.def)             Requested size: 117.43875pt x 92.06487pt.
Package epstopdf Info: Source file: <q_z.eps>
(epstopdf)                    date: 2015-03-19 00:12:21
(epstopdf)                    size: 130015 bytes
(epstopdf)             Output file: <q_z-eps-converted-to.pdf>
(epstopdf)                    date: 2015-03-19 00:24:24
(epstopdf)                    size: 50497 bytes
(epstopdf)             Command: <epstopdf --outfile=q_z-eps-converted-to.pdf q_
z.eps>
(epstopdf)             \includegraphics on input line 120.
Package epstopdf Info: Output file is already uptodate.

<q_z-eps-converted-to.pdf, id=40, 487.8225pt x 382.42876pt>
File: q_z-eps-converted-to.pdf Graphic file (type pdf)

<use q_z-eps-converted-to.pdf>
Package pdftex.def Info: q_z-eps-converted-to.pdf used on input line 120.
(pdftex.def)             Requested size: 117.43875pt x 92.06487pt.
Package epstopdf Info: Source file: <q_yaw.eps>
(epstopdf)                    date: 2015-03-19 00:12:24
(epstopdf)                    size: 130082 bytes
(epstopdf)             Output file: <q_yaw-eps-converted-to.pdf>
(epstopdf)                    date: 2015-03-19 00:24:25
(epstopdf)                    size: 50066 bytes
(epstopdf)             Command: <epstopdf --outfile=q_yaw-eps-converted-to.pdf 
q_yaw.eps>
(epstopdf)             \includegraphics on input line 124.
Package epstopdf Info: Output file is already uptodate.

<q_yaw-eps-converted-to.pdf, id=41, 478.78876pt x 382.42876pt>
File: q_yaw-eps-converted-to.pdf Graphic file (type pdf)

<use q_yaw-eps-converted-to.pdf>
Package pdftex.def Info: q_yaw-eps-converted-to.pdf used on input line 124.
(pdftex.def)             Requested size: 117.43875pt x 93.80382pt.
Package epstopdf Info: Source file: <r_x.eps>
(epstopdf)                    date: 2015-03-19 00:14:54
(epstopdf)                    size: 130685 bytes
(epstopdf)             Output file: <r_x-eps-converted-to.pdf>
(epstopdf)                    date: 2015-03-19 00:24:26
(epstopdf)                    size: 50513 bytes
(epstopdf)             Command: <epstopdf --outfile=r_x-eps-converted-to.pdf r_
x.eps>
(epstopdf)             \includegraphics on input line 135.
Package epstopdf Info: Output file is already uptodate.

<r_x-eps-converted-to.pdf, id=42, 487.8225pt x 382.42876pt>
File: r_x-eps-converted-to.pdf Graphic file (type pdf)

<use r_x-eps-converted-to.pdf>
Package pdftex.def Info: r_x-eps-converted-to.pdf used on input line 135.
(pdftex.def)             Requested size: 117.43875pt x 92.06487pt.
Package epstopdf Info: Source file: <r_y.eps>
(epstopdf)                    date: 2015-03-19 00:14:53
(epstopdf)                    size: 129719 bytes
(epstopdf)             Output file: <r_y-eps-converted-to.pdf>
(epstopdf)                    date: 2015-03-19 00:24:26
(epstopdf)                    size: 50578 bytes
(epstopdf)             Command: <epstopdf --outfile=r_y-eps-converted-to.pdf r_
y.eps>
(epstopdf)             \includegraphics on input line 139.
Package epstopdf Info: Output file is already uptodate.

<r_y-eps-converted-to.pdf, id=43, 487.8225pt x 382.42876pt>
File: r_y-eps-converted-to.pdf Graphic file (type pdf)

<use r_y-eps-converted-to.pdf>
Package pdftex.def Info: r_y-eps-converted-to.pdf used on input line 139.
(pdftex.def)             Requested size: 117.43875pt x 92.06487pt.
Package epstopdf Info: Source file: <r_z.eps>
(epstopdf)                    date: 2015-03-19 00:14:52
(epstopdf)                    size: 129500 bytes
(epstopdf)             Output file: <r_z-eps-converted-to.pdf>
(epstopdf)                    date: 2015-03-19 00:24:27
(epstopdf)                    size: 49945 bytes
(epstopdf)             Command: <epstopdf --outfile=r_z-eps-converted-to.pdf r_
z.eps>
(epstopdf)             \includegraphics on input line 143.
Package epstopdf Info: Output file is already uptodate.

<r_z-eps-converted-to.pdf, id=44, 487.8225pt x 382.42876pt>
File: r_z-eps-converted-to.pdf Graphic file (type pdf)

<use r_z-eps-converted-to.pdf>
Package pdftex.def Info: r_z-eps-converted-to.pdf used on input line 143.
(pdftex.def)             Requested size: 117.43875pt x 92.06487pt.
Package epstopdf Info: Source file: <r_yaw.eps>
(epstopdf)                    date: 2015-03-19 00:14:55
(epstopdf)                    size: 130081 bytes
(epstopdf)             Output file: <r_yaw-eps-converted-to.pdf>
(epstopdf)                    date: 2015-03-19 00:24:28
(epstopdf)                    size: 49908 bytes
(epstopdf)             Command: <epstopdf --outfile=r_yaw-eps-converted-to.pdf 
r_yaw.eps>
(epstopdf)             \includegraphics on input line 147.
Package epstopdf Info: Output file is already uptodate.

<r_yaw-eps-converted-to.pdf, id=45, 478.78876pt x 382.42876pt>
File: r_yaw-eps-converted-to.pdf Graphic file (type pdf)

<use r_yaw-eps-converted-to.pdf>
Package pdftex.def Info: r_yaw-eps-converted-to.pdf used on input line 147.
(pdftex.def)             Requested size: 117.43875pt x 93.80382pt.


LaTeX Warning: `h' float specifier changed to `ht'.

[1 <./b_x-eps-converted-to.pdf> <./b_y-eps-converted-to.pdf> <./b_z-eps-convert
ed-to.pdf> <./b_yaw-eps-converted-to.pdf> <./i_x-eps-converted-to.pdf> <./i_y-e
ps-converted-to.pdf> <./i_z-eps-converted-to.pdf> <./i_yaw-eps-converted-to.pdf
> <./q_x-eps-converted-to.pdf> <./q_y-eps-converted-to.pdf> <./q_z-eps-converte
d-to.pdf> <./q_yaw-eps-converted-to.pdf>]
Package epstopdf Info: Source file: <t_x.eps>
(epstopdf)                    date: 2015-03-19 10:55:55
(epstopdf)                    size: 130736 bytes
(epstopdf)             Output file: <t_x-eps-converted-to.pdf>
(epstopdf)                    date: 2015-03-19 10:59:03
(epstopdf)                    size: 50703 bytes
(epstopdf)             Command: <epstopdf --outfile=t_x-eps-converted-to.pdf t_
x.eps>
(epstopdf)             \includegraphics on input line 182.
Package epstopdf Info: Output file is already uptodate.

<t_x-eps-converted-to.pdf, id=110, 487.8225pt x 382.42876pt>
File: t_x-eps-converted-to.pdf Graphic file (type pdf)

<use t_x-eps-converted-to.pdf>
Package pdftex.def Info: t_x-eps-converted-to.pdf used on input line 182.
(pdftex.def)             Requested size: 117.43875pt x 92.06487pt.
Package epstopdf Info: Source file: <t_y.eps>
(epstopdf)                    date: 2015-03-19 10:55:54
(epstopdf)                    size: 129700 bytes
(epstopdf)             Output file: <t_y-eps-converted-to.pdf>
(epstopdf)                    date: 2015-03-19 10:59:04
(epstopdf)                    size: 50425 bytes
(epstopdf)             Command: <epstopdf --outfile=t_y-eps-converted-to.pdf t_
y.eps>
(epstopdf)             \includegraphics on input line 186.
Package epstopdf Info: Output file is already uptodate.

<t_y-eps-converted-to.pdf, id=111, 487.8225pt x 382.42876pt>
File: t_y-eps-converted-to.pdf Graphic file (type pdf)

<use t_y-eps-converted-to.pdf>
Package pdftex.def Info: t_y-eps-converted-to.pdf used on input line 186.
(pdftex.def)             Requested size: 117.43875pt x 92.06487pt.
Package epstopdf Info: Source file: <t_z.eps>
(epstopdf)                    date: 2015-03-19 10:55:54
(epstopdf)                    size: 127328 bytes
(epstopdf)             Output file: <t_z-eps-converted-to.pdf>
(epstopdf)                    date: 2015-03-19 10:59:04
(epstopdf)                    size: 50196 bytes
(epstopdf)             Command: <epstopdf --outfile=t_z-eps-converted-to.pdf t_
z.eps>
(epstopdf)             \includegraphics on input line 190.
Package epstopdf Info: Output file is already uptodate.

<t_z-eps-converted-to.pdf, id=112, 487.8225pt x 382.42876pt>
File: t_z-eps-converted-to.pdf Graphic file (type pdf)

<use t_z-eps-converted-to.pdf>
Package pdftex.def Info: t_z-eps-converted-to.pdf used on input line 190.
(pdftex.def)             Requested size: 117.43875pt x 92.06487pt.
Package epstopdf Info: Source file: <t_yaw.eps>
(epstopdf)                    date: 2015-03-19 10:55:56
(epstopdf)                    size: 130132 bytes
(epstopdf)             Output file: <t_yaw-eps-converted-to.pdf>
(epstopdf)                    date: 2015-03-19 10:59:05
(epstopdf)                    size: 49665 bytes
(epstopdf)             Command: <epstopdf --outfile=t_yaw-eps-converted-to.pdf 
t_yaw.eps>
(epstopdf)             \includegraphics on input line 194.
Package epstopdf Info: Output file is already uptodate.

<t_yaw-eps-converted-to.pdf, id=113, 478.78876pt x 382.42876pt>
File: t_yaw-eps-converted-to.pdf Graphic file (type pdf)

<use t_yaw-eps-converted-to.pdf>
Package pdftex.def Info: t_yaw-eps-converted-to.pdf used on input line 194.
(pdftex.def)             Requested size: 117.43875pt x 93.80382pt.
Package epstopdf Info: Source file: <MSE.eps>
(epstopdf)                    date: 2015-03-19 10:55:58
(epstopdf)                    size: 82089 bytes
(epstopdf)             Output file: <MSE-eps-converted-to.pdf>
(epstopdf)                    date: 2015-03-19 10:59:05
(epstopdf)                    size: 32624 bytes
(epstopdf)             Command: <epstopdf --outfile=MSE-eps-converted-to.pdf MS
E.eps>
(epstopdf)             \includegraphics on input line 207.
Package epstopdf Info: Output file is already uptodate.

<MSE-eps-converted-to.pdf, id=114, 495.8525pt x 382.42876pt>
File: MSE-eps-converted-to.pdf Graphic file (type pdf)

<use MSE-eps-converted-to.pdf>
Package pdftex.def Info: MSE-eps-converted-to.pdf used on input line 207.
(pdftex.def)             Requested size: 187.90271pt x 144.92178pt.
Package epstopdf Info: Source file: <MSE_dist.eps>
(epstopdf)                    date: 2015-03-19 10:57:13
(epstopdf)                    size: 34078 bytes
(epstopdf)             Output file: <MSE_dist-eps-converted-to.pdf>
(epstopdf)                    date: 2015-03-19 10:59:06
(epstopdf)                    size: 8474 bytes
(epstopdf)             Command: <epstopdf --outfile=MSE_dist-eps-converted-to.p
df MSE_dist.eps>
(epstopdf)             \includegraphics on input line 211.
Package epstopdf Info: Output file is already uptodate.

<MSE_dist-eps-converted-to.pdf, id=115, 496.85625pt x 382.42876pt>
File: MSE_dist-eps-converted-to.pdf Graphic file (type pdf)

<use MSE_dist-eps-converted-to.pdf>
Package pdftex.def Info: MSE_dist-eps-converted-to.pdf used on input line 211.
(pdftex.def)             Requested size: 187.90271pt x 144.63002pt.


LaTeX Warning: `h' float specifier changed to `ht'.

[2 <./r_x-eps-converted-to.pdf> <./r_y-eps-converted-to.pdf> <./r_z-eps-convert
ed-to.pdf> <./r_yaw-eps-converted-to.pdf> <./t_x-eps-converted-to.pdf> <./t_y-e
ps-converted-to.pdf> <./t_z-eps-converted-to.pdf> <./t_yaw-eps-converted-to.pdf
>]
Package epstopdf Info: Source file: <MSE_t.eps>
(epstopdf)                    date: 2015-03-19 11:08:17
(epstopdf)                    size: 47336 bytes
(epstopdf)             Output file: <MSE_t-eps-converted-to.pdf>
(epstopdf)                    date: 2015-03-19 11:12:41
(epstopdf)                    size: 18728 bytes
(epstopdf)             Command: <epstopdf --outfile=MSE_t-eps-converted-to.pdf 
MSE_t.eps>
(epstopdf)             \includegraphics on input line 224.
Package epstopdf Info: Output file is already uptodate.
 <MSE_t-eps-converted-to.pdf, id=159, 492.84125pt x 382.42876pt>
File: MSE_t-eps-converted-to.pdf Graphic file (type pdf)

<use MSE_t-eps-converted-to.pdf>
Package pdftex.def Info: MSE_t-eps-converted-to.pdf used on input line 224.
(pdftex.def)             Requested size: 187.90271pt x 145.80876pt.
Package epstopdf Info: Source file: <MSE_x.eps>
(epstopdf)                    date: 2015-03-19 11:08:18
(epstopdf)                    size: 18101 bytes
(epstopdf)             Output file: <MSE_x-eps-converted-to.pdf>
(epstopdf)                    date: 2015-03-19 11:12:42
(epstopdf)                    size: 6780 bytes
(epstopdf)             Command: <epstopdf --outfile=MSE_x-eps-converted-to.pdf 
MSE_x.eps>
(epstopdf)             \includegraphics on input line 228.
Package epstopdf Info: Output file is already uptodate.

<MSE_x-eps-converted-to.pdf, id=160, 493.845pt x 382.42876pt>
File: MSE_x-eps-converted-to.pdf Graphic file (type pdf)

<use MSE_x-eps-converted-to.pdf>
Package pdftex.def Info: MSE_x-eps-converted-to.pdf used on input line 228.
(pdftex.def)             Requested size: 187.90271pt x 145.50533pt.
Package epstopdf Info: Source file: <MSE_y.eps>
(epstopdf)                    date: 2015-03-19 11:08:19
(epstopdf)                    size: 18271 bytes
(epstopdf)             Output file: <MSE_y-eps-converted-to.pdf>
(epstopdf)                    date: 2015-03-19 11:12:42
(epstopdf)                    size: 6945 bytes
(epstopdf)             Command: <epstopdf --outfile=MSE_y-eps-converted-to.pdf 
MSE_y.eps>
(epstopdf)             \includegraphics on input line 234.
Package epstopdf Info: Output file is already uptodate.

<MSE_y-eps-converted-to.pdf, id=161, 493.845pt x 382.42876pt>
File: MSE_y-eps-converted-to.pdf Graphic file (type pdf)

<use MSE_y-eps-converted-to.pdf>
Package pdftex.def Info: MSE_y-eps-converted-to.pdf used on input line 234.
(pdftex.def)             Requested size: 187.90271pt x 145.50533pt.
Package epstopdf Info: Source file: <MSE_z.eps>
(epstopdf)                    date: 2015-03-19 11:08:19
(epstopdf)                    size: 17517 bytes
(epstopdf)             Output file: <MSE_z-eps-converted-to.pdf>
(epstopdf)                    date: 2015-03-19 11:12:43
(epstopdf)                    size: 6654 bytes
(epstopdf)             Command: <epstopdf --outfile=MSE_z-eps-converted-to.pdf 
MSE_z.eps>
(epstopdf)             \includegraphics on input line 238.
Package epstopdf Info: Output file is already uptodate.

<MSE_z-eps-converted-to.pdf, id=162, 493.845pt x 382.42876pt>
File: MSE_z-eps-converted-to.pdf Graphic file (type pdf)

<use MSE_z-eps-converted-to.pdf>
Package pdftex.def Info: MSE_z-eps-converted-to.pdf used on input line 238.
(pdftex.def)             Requested size: 187.90271pt x 145.50533pt.
Package epstopdf Info: Source file: <evolutus-black.eps>
(epstopdf)                    date: 2015-02-01 13:08:00
(epstopdf)                    size: 6536 bytes
(epstopdf)             Output file: <evolutus-black-eps-converted-to.pdf>
(epstopdf)                    date: 2015-02-01 13:08:00
(epstopdf)                    size: 4855 bytes
(epstopdf)             Command: <epstopdf --outfile=evolutus-black-eps-converte
d-to.pdf evolutus-black.eps>
(epstopdf)             \includegraphics on input line 247.
Package epstopdf Info: Output file is already uptodate.

<evolutus-black-eps-converted-to.pdf, id=163, 437.635pt x 60.225pt>
File: evolutus-black-eps-converted-to.pdf Graphic file (type pdf)

<use evolutus-black-eps-converted-to.pdf>
Package pdftex.def Info: evolutus-black-eps-converted-to.pdf used on input line
 247.
(pdftex.def)             Requested size: 175.05089pt x 24.08955pt.
 [3 <./MSE-eps-converted-to.pdf> <./MSE_dist-eps-converted-to.pdf> <./MSE_t-eps
-converted-to.pdf> <./MSE_x-eps-converted-to.pdf> <./MSE_y-eps-converted-to.pdf
> <./MSE_z-eps-converted-to.pdf> <./evolutus-black-eps-converted-to.pdf>] (./ma
in.aux) ) 
Here is how much of TeX's memory you used:
 16125 strings out of 493117
 303871 string characters out of 6135433
 344129 words of memory out of 5000000
 19240 multiletter control sequences out of 15000+600000
 18104 words of font info for 56 fonts, out of 8000000 for 9000
 1141 hyphenation exceptions out of 8191
 55i,11n,54p,772b,433s stack positions out of 5000i,500n,10000p,200000b,80000s
{/usr/local/texlive/2014/texmf-dist/fonts/enc/dvips/base/8r.enc}</usr/
local/texlive/2014/texmf-dist/fonts/type1/public/pxfonts/rpxr.pfb></usr/local/t
exlive/2014/texmf-dist/fonts/type1/urw/palatino/uplb8a.pfb></usr/local/texlive/
2014/texmf-dist/fonts/type1/urw/palatino/uplr8a.pfb>
Output written on main.pdf (4 pages, 1071523 bytes).
PDF statistics:
 216 PDF objects out of 1000 (max. 8388607)
 141 compressed objects within 2 object streams
 0 named destinations out of 1000 (max. 500000)
 153 words of extra memory for PDF output out of 10000 (max. 10000000)

