This is pdfTeX, Version 3.1415926-2.5-1.40.14 (TeX Live 2013/Debian) (format=pdflatex 2014.11.30)  21 MAR 2015 13:56
entering extended mode
 restricted \write18 enabled.
 %&-line parsing enabled.
**main.tex
(./main.tex
LaTeX2e <2011/06/27>
Babel <3.9h> and hyphenation patterns for 4 languages loaded.
(/usr/share/texlive/texmf-dist/tex/latex/base/article.cls
Document Class: article 2007/10/19 v1.4h Standard LaTeX document class
(/usr/share/texlive/texmf-dist/tex/latex/base/size10.clo
File: size10.clo 2007/10/19 v1.4h Standard LaTeX file (size option)
)
\c@part=\count79
\c@section=\count80
\c@subsection=\count81
\c@subsubsection=\count82
\c@paragraph=\count83
\c@subparagraph=\count84
\c@figure=\count85
\c@table=\count86
\abovecaptionskip=\skip41
\belowcaptionskip=\skip42
\bibindent=\dimen102
)
(/usr/share/texlive/texmf-dist/tex/latex/amsmath/amsmath.sty
Package: amsmath 2013/01/14 v2.14 AMS math features
\@mathmargin=\skip43

For additional information on amsmath, use the `?' option.
(/usr/share/texlive/texmf-dist/tex/latex/amsmath/amstext.sty
Package: amstext 2000/06/29 v2.01

(/usr/share/texlive/texmf-dist/tex/latex/amsmath/amsgen.sty
File: amsgen.sty 1999/11/30 v2.0
\@emptytoks=\toks14
\ex@=\dimen103
))
(/usr/share/texlive/texmf-dist/tex/latex/amsmath/amsbsy.sty
Package: amsbsy 1999/11/29 v1.2d
\pmbraise@=\dimen104
)
(/usr/share/texlive/texmf-dist/tex/latex/amsmath/amsopn.sty
Package: amsopn 1999/12/14 v2.01 operator names
)
\inf@bad=\count87
LaTeX Info: Redefining \frac on input line 210.
\uproot@=\count88
\leftroot@=\count89
LaTeX Info: Redefining \overline on input line 306.
\classnum@=\count90
\DOTSCASE@=\count91
LaTeX Info: Redefining \ldots on input line 378.
LaTeX Info: Redefining \dots on input line 381.
LaTeX Info: Redefining \cdots on input line 466.
\Mathstrutbox@=\box26
\strutbox@=\box27
\big@size=\dimen105
LaTeX Font Info:    Redeclaring font encoding OML on input line 566.
LaTeX Font Info:    Redeclaring font encoding OMS on input line 567.
\macc@depth=\count92
\c@MaxMatrixCols=\count93
\dotsspace@=\muskip10
\c@parentequation=\count94
\dspbrk@lvl=\count95
\tag@help=\toks15
\row@=\count96
\column@=\count97
\maxfields@=\count98
\andhelp@=\toks16
\eqnshift@=\dimen106
\alignsep@=\dimen107
\tagshift@=\dimen108
\tagwidth@=\dimen109
\totwidth@=\dimen110
\lineht@=\dimen111
\@envbody=\toks17
\multlinegap=\skip44
\multlinetaggap=\skip45
\mathdisplay@stack=\toks18
LaTeX Info: Redefining \[ on input line 2665.
LaTeX Info: Redefining \] on input line 2666.
)
(/usr/share/texmf/tex/latex/xcolor/xcolor.sty
Package: xcolor 2007/01/21 v2.11 LaTeX color extensions (UK)

(/usr/share/texlive/texmf-dist/tex/latex/latexconfig/color.cfg
File: color.cfg 2007/01/18 v1.5 color configuration of teTeX/TeXLive
)
Package xcolor Info: Driver file: pdftex.def on input line 225.

(/usr/share/texlive/texmf-dist/tex/latex/pdftex-def/pdftex.def
File: pdftex.def 2011/05/27 v0.06d Graphics/color for pdfTeX

(/usr/share/texlive/texmf-dist/tex/generic/oberdiek/infwarerr.sty
Package: infwarerr 2010/04/08 v1.3 Providing info/warning/error messages (HO)
)
(/usr/share/texlive/texmf-dist/tex/generic/oberdiek/ltxcmds.sty
Package: ltxcmds 2011/11/09 v1.22 LaTeX kernel commands for general use (HO)
)
\Gread@gobject=\count99
)
Package xcolor Info: Model `cmy' substituted by `cmy0' on input line 1337.
Package xcolor Info: Model `hsb' substituted by `rgb' on input line 1341.
Package xcolor Info: Model `RGB' extended on input line 1353.
Package xcolor Info: Model `HTML' substituted by `rgb' on input line 1355.
Package xcolor Info: Model `Hsb' substituted by `hsb' on input line 1356.
Package xcolor Info: Model `tHsb' substituted by `hsb' on input line 1357.
Package xcolor Info: Model `HSB' substituted by `hsb' on input line 1358.
Package xcolor Info: Model `Gray' substituted by `gray' on input line 1359.
Package xcolor Info: Model `wave' substituted by `hsb' on input line 1360.
)
(/usr/share/texlive/texmf-dist/tex/latex/subfig/subfig.sty
Package: subfig 2005/06/28 ver: 1.3 subfig package

(/usr/share/texlive/texmf-dist/tex/latex/graphics/keyval.sty
Package: keyval 1999/03/16 v1.13 key=value parser (DPC)
\KV@toks@=\toks19
)
(/usr/share/texlive/texmf-dist/tex/latex/caption/caption.sty
Package: caption 2013/05/02 v3.3-89 Customizing captions (AR)

(/usr/share/texlive/texmf-dist/tex/latex/caption/caption3.sty
Package: caption3 2013/05/02 v1.6-88 caption3 kernel (AR)
Package caption3 Info: TeX engine: e-TeX on input line 57.
\captionmargin=\dimen112
\captionmargin@=\dimen113
\captionwidth=\dimen114
\caption@tempdima=\dimen115
\caption@indent=\dimen116
\caption@parindent=\dimen117
\caption@hangindent=\dimen118
)
\c@ContinuedFloat=\count100
)
\c@KVtest=\count101
\sf@farskip=\skip46
\sf@captopadj=\dimen119
\sf@capskip=\skip47
\sf@nearskip=\skip48
\c@subfigure=\count102
\c@subfigure@save=\count103
\c@lofdepth=\count104
\c@subtable=\count105
\c@subtable@save=\count106
\c@lotdepth=\count107
\sf@top=\skip49
\sf@bottom=\skip50
)
(/usr/share/texlive/texmf-dist/tex/latex/geometry/geometry.sty
Package: geometry 2010/09/12 v5.6 Page Geometry

(/usr/share/texlive/texmf-dist/tex/generic/oberdiek/ifpdf.sty
Package: ifpdf 2011/01/30 v2.3 Provides the ifpdf switch (HO)
Package ifpdf Info: pdfTeX in PDF mode is detected.
)
(/usr/share/texlive/texmf-dist/tex/generic/oberdiek/ifvtex.sty
Package: ifvtex 2010/03/01 v1.5 Detect VTeX and its facilities (HO)
Package ifvtex Info: VTeX not detected.
)
(/usr/share/texlive/texmf-dist/tex/generic/ifxetex/ifxetex.sty
Package: ifxetex 2010/09/12 v0.6 Provides ifxetex conditional
)
\Gm@cnth=\count108
\Gm@cntv=\count109
\c@Gm@tempcnt=\count110
\Gm@bindingoffset=\dimen120
\Gm@wd@mp=\dimen121
\Gm@odd@mp=\dimen122
\Gm@even@mp=\dimen123
\Gm@layoutwidth=\dimen124
\Gm@layoutheight=\dimen125
\Gm@layouthoffset=\dimen126
\Gm@layoutvoffset=\dimen127
\Gm@dimlist=\toks20
)
(/usr/share/texlive/texmf-dist/tex/latex/graphics/graphicx.sty
Package: graphicx 1999/02/16 v1.0f Enhanced LaTeX Graphics (DPC,SPQR)

(/usr/share/texlive/texmf-dist/tex/latex/graphics/graphics.sty
Package: graphics 2009/02/05 v1.0o Standard LaTeX Graphics (DPC,SPQR)

(/usr/share/texlive/texmf-dist/tex/latex/graphics/trig.sty
Package: trig 1999/03/16 v1.09 sin cos tan (DPC)
)
(/usr/share/texlive/texmf-dist/tex/latex/latexconfig/graphics.cfg
File: graphics.cfg 2010/04/23 v1.9 graphics configuration of TeX Live
)
Package graphics Info: Driver file: pdftex.def on input line 91.
)
\Gin@req@height=\dimen128
\Gin@req@width=\dimen129
)
(/usr/share/texlive/texmf-dist/tex/latex/oberdiek/epstopdf.sty
Package: epstopdf 2010/02/09 v2.5 Conversion with epstopdf on the fly (HO)

(/usr/share/texlive/texmf-dist/tex/latex/oberdiek/epstopdf-base.sty
Package: epstopdf-base 2010/02/09 v2.5 Base part for package epstopdf

(/usr/share/texlive/texmf-dist/tex/latex/oberdiek/grfext.sty
Package: grfext 2010/08/19 v1.1 Manage graphics extensions (HO)

(/usr/share/texlive/texmf-dist/tex/generic/oberdiek/kvdefinekeys.sty
Package: kvdefinekeys 2011/04/07 v1.3 Define keys (HO)
))
(/usr/share/texlive/texmf-dist/tex/latex/oberdiek/kvoptions.sty
Package: kvoptions 2011/06/30 v3.11 Key value format for package options (HO)

(/usr/share/texlive/texmf-dist/tex/generic/oberdiek/kvsetkeys.sty
Package: kvsetkeys 2012/04/25 v1.16 Key value parser (HO)

(/usr/share/texlive/texmf-dist/tex/generic/oberdiek/etexcmds.sty
Package: etexcmds 2011/02/16 v1.5 Avoid name clashes with e-TeX commands (HO)

(/usr/share/texlive/texmf-dist/tex/generic/oberdiek/ifluatex.sty
Package: ifluatex 2010/03/01 v1.3 Provides the ifluatex switch (HO)
Package ifluatex Info: LuaTeX not detected.
)
Package etexcmds Info: Could not find \expanded.
(etexcmds)             That can mean that you are not using pdfTeX 1.50 or
(etexcmds)             that some package has redefined \expanded.
(etexcmds)             In the latter case, load this package earlier.
)))
(/usr/share/texlive/texmf-dist/tex/generic/oberdiek/pdftexcmds.sty
Package: pdftexcmds 2011/11/29 v0.20 Utility functions of pdfTeX for LuaTeX (HO
)
Package pdftexcmds Info: LuaTeX not detected.
Package pdftexcmds Info: \pdf@primitive is available.
Package pdftexcmds Info: \pdf@ifprimitive is available.
Package pdftexcmds Info: \pdfdraftmode found.
)
Package grfext Info: Graphics extension search list:
(grfext)             [.png,.pdf,.jpg,.mps,.jpeg,.jbig2,.jb2,.PNG,.PDF,.JPG,.JPE
G,.JBIG2,.JB2,.eps]
(grfext)             \AppendGraphicsExtensions on input line 452.

(/usr/share/texlive/texmf-dist/tex/latex/latexconfig/epstopdf-sys.cfg
File: epstopdf-sys.cfg 2010/07/13 v1.3 Configuration of (r)epstopdf for TeX Liv
e
)))
(/usr/share/texlive/texmf-dist/tex/latex/pxfonts/pxfonts.sty
Package: pxfonts 2008/01/22 v1.1.1
LaTeX Font Info:    Redeclaring symbol font `operators' on input line 21.
LaTeX Font Info:    Overwriting symbol font `operators' in version `normal'
(Font)                  OT1/cmr/m/n --> OT1/pxr/m/n on input line 21.
LaTeX Font Info:    Overwriting symbol font `operators' in version `bold'
(Font)                  OT1/cmr/bx/n --> OT1/pxr/m/n on input line 21.
LaTeX Font Info:    Overwriting symbol font `operators' in version `bold'
(Font)                  OT1/pxr/m/n --> OT1/pxr/bx/n on input line 22.
\symitalic=\mathgroup4
LaTeX Font Info:    Overwriting symbol font `italic' in version `bold'
(Font)                  OT1/pxr/m/it --> OT1/pxr/bx/it on input line 26.
LaTeX Font Info:    Redeclaring math alphabet \mathbf on input line 29.
LaTeX Font Info:    Overwriting math alphabet `\mathbf' in version `normal'
(Font)                  OT1/cmr/bx/n --> OT1/pxr/bx/n on input line 29.
LaTeX Font Info:    Overwriting math alphabet `\mathbf' in version `bold'
(Font)                  OT1/cmr/bx/n --> OT1/pxr/bx/n on input line 29.
LaTeX Font Info:    Redeclaring math alphabet \mathit on input line 30.
LaTeX Font Info:    Overwriting math alphabet `\mathit' in version `normal'
(Font)                  OT1/cmr/m/it --> OT1/pxr/m/it on input line 30.
LaTeX Font Info:    Overwriting math alphabet `\mathit' in version `bold'
(Font)                  OT1/cmr/bx/it --> OT1/pxr/m/it on input line 30.
LaTeX Font Info:    Overwriting math alphabet `\mathit' in version `bold'
(Font)                  OT1/pxr/m/it --> OT1/pxr/bx/it on input line 31.
LaTeX Font Info:    Redeclaring math alphabet \mathsf on input line 40.
LaTeX Font Info:    Overwriting math alphabet `\mathsf' in version `normal'
(Font)                  OT1/cmss/m/n --> OT1/pxss/m/n on input line 40.
LaTeX Font Info:    Overwriting math alphabet `\mathsf' in version `bold'
(Font)                  OT1/cmss/bx/n --> OT1/pxss/m/n on input line 40.
LaTeX Font Info:    Overwriting math alphabet `\mathsf' in version `bold'
(Font)                  OT1/pxss/m/n --> OT1/pxss/b/n on input line 41.
LaTeX Font Info:    Redeclaring math alphabet \mathtt on input line 50.
LaTeX Font Info:    Overwriting math alphabet `\mathtt' in version `normal'
(Font)                  OT1/cmtt/m/n --> OT1/pxtt/m/n on input line 50.
LaTeX Font Info:    Overwriting math alphabet `\mathtt' in version `bold'
(Font)                  OT1/cmtt/m/n --> OT1/pxtt/m/n on input line 50.
LaTeX Font Info:    Overwriting math alphabet `\mathtt' in version `bold'
(Font)                  OT1/pxtt/m/n --> OT1/pxtt/b/n on input line 51.
LaTeX Font Info:    Redeclaring symbol font `letters' on input line 58.
LaTeX Font Info:    Overwriting symbol font `letters' in version `normal'
(Font)                  OML/cmm/m/it --> OML/pxmi/m/it on input line 58.
LaTeX Font Info:    Overwriting symbol font `letters' in version `bold'
(Font)                  OML/cmm/b/it --> OML/pxmi/m/it on input line 58.
LaTeX Font Info:    Overwriting symbol font `letters' in version `bold'
(Font)                  OML/pxmi/m/it --> OML/pxmi/bx/it on input line 59.
\symlettersA=\mathgroup5
LaTeX Font Info:    Overwriting symbol font `lettersA' in version `bold'
(Font)                  U/pxmia/m/it --> U/pxmia/bx/it on input line 67.
LaTeX Font Info:    Redeclaring symbol font `symbols' on input line 77.
LaTeX Font Info:    Overwriting symbol font `symbols' in version `normal'
(Font)                  OMS/cmsy/m/n --> OMS/pxsy/m/n on input line 77.
LaTeX Font Info:    Overwriting symbol font `symbols' in version `bold'
(Font)                  OMS/cmsy/b/n --> OMS/pxsy/m/n on input line 77.
LaTeX Font Info:    Overwriting symbol font `symbols' in version `bold'
(Font)                  OMS/pxsy/m/n --> OMS/pxsy/bx/n on input line 78.
\symAMSa=\mathgroup6
LaTeX Font Info:    Overwriting symbol font `AMSa' in version `bold'
(Font)                  U/pxsya/m/n --> U/pxsya/bx/n on input line 94.
\symAMSb=\mathgroup7
LaTeX Font Info:    Overwriting symbol font `AMSb' in version `bold'
(Font)                  U/pxsyb/m/n --> U/pxsyb/bx/n on input line 103.
\symsymbolsC=\mathgroup8
LaTeX Font Info:    Overwriting symbol font `symbolsC' in version `bold'
(Font)                  U/pxsyc/m/n --> U/pxsyc/bx/n on input line 113.
LaTeX Font Info:    Redeclaring symbol font `largesymbols' on input line 120.
LaTeX Font Info:    Overwriting symbol font `largesymbols' in version `normal'
(Font)                  OMX/cmex/m/n --> OMX/pxex/m/n on input line 120.
LaTeX Font Info:    Overwriting symbol font `largesymbols' in version `bold'
(Font)                  OMX/cmex/m/n --> OMX/pxex/m/n on input line 120.
LaTeX Font Info:    Overwriting symbol font `largesymbols' in version `bold'
(Font)                  OMX/pxex/m/n --> OMX/pxex/bx/n on input line 121.
\symlargesymbolsA=\mathgroup9
LaTeX Font Info:    Overwriting symbol font `largesymbolsA' in version `bold'
(Font)                  U/pxexa/m/n --> U/pxexa/bx/n on input line 129.
LaTeX Info: Redefining \not on input line 997.
)
(/usr/share/texlive/texmf-dist/tex/latex/setspace/setspace.sty
Package: setspace 2011/12/19 v6.7a set line spacing
)
(/usr/share/texlive/texmf-dist/tex/latex/titlesec/titlesec.sty
Package: titlesec 2011/12/15 v2.10.0 Sectioning titles
\ttl@box=\box28
\beforetitleunit=\skip51
\aftertitleunit=\skip52
\ttl@plus=\dimen130
\ttl@minus=\dimen131
\ttl@toksa=\toks21
\titlewidth=\dimen132
\titlewidthlast=\dimen133
\titlewidthfirst=\dimen134
)
(/usr/share/texlive/texmf-dist/tex/latex/booktabs/booktabs.sty
Package: booktabs 2005/04/14 v1.61803 publication quality tables
\heavyrulewidth=\dimen135
\lightrulewidth=\dimen136
\cmidrulewidth=\dimen137
\belowrulesep=\dimen138
\belowbottomsep=\dimen139
\aboverulesep=\dimen140
\abovetopsep=\dimen141
\cmidrulesep=\dimen142
\cmidrulekern=\dimen143
\defaultaddspace=\dimen144
\@cmidla=\count111
\@cmidlb=\count112
\@aboverulesep=\dimen145
\@belowrulesep=\dimen146
\@thisruleclass=\count113
\@lastruleclass=\count114
\@thisrulewidth=\dimen147
)
(/usr/share/texlive/texmf-dist/tex/latex/fancyhdr/fancyhdr.sty
\fancy@headwidth=\skip53
\f@ncyO@elh=\skip54
\f@ncyO@erh=\skip55
\f@ncyO@olh=\skip56
\f@ncyO@orh=\skip57
\f@ncyO@elf=\skip58
\f@ncyO@erf=\skip59
\f@ncyO@olf=\skip60
\f@ncyO@orf=\skip61
)
(/usr/share/texlive/texmf-dist/tex/latex/listings/listings.sty
\lst@mode=\count115
\lst@gtempboxa=\box29
\lst@token=\toks22
\lst@length=\count116
\lst@currlwidth=\dimen148
\lst@column=\count117
\lst@pos=\count118
\lst@lostspace=\dimen149
\lst@width=\dimen150
\lst@newlines=\count119
\lst@lineno=\count120
\lst@maxwidth=\dimen151

(/usr/share/texlive/texmf-dist/tex/latex/listings/lstmisc.sty
File: lstmisc.sty 2013/08/26 1.5b (Carsten Heinz)
\c@lstnumber=\count121
\lst@skipnumbers=\count122
\lst@framebox=\box30
)
(/usr/share/texlive/texmf-dist/tex/latex/listings/listings.cfg
File: listings.cfg 2013/08/26 1.5b listings configuration
))
Package: listings 2013/08/26 1.5b (Carsten Heinz)

(/usr/share/texlive/texmf-dist/tex/latex/multirow/multirow.sty
\bigstrutjot=\dimen152
)
(/usr/share/texmf/tex/latex/pgf/frontendlayer/tikz.sty
(/usr/share/texmf/tex/latex/pgf/basiclayer/pgf.sty
(/usr/share/texmf/tex/latex/pgf/utilities/pgfrcs.sty
(/usr/share/texmf/tex/generic/pgf/utilities/pgfutil-common.tex
\pgfutil@everybye=\toks23
)
(/usr/share/texmf/tex/generic/pgf/utilities/pgfutil-latex.def
\pgfutil@abb=\box31

(/usr/share/texlive/texmf-dist/tex/latex/ms/everyshi.sty
Package: everyshi 2001/05/15 v3.00 EveryShipout Package (MS)
))
(/usr/share/texmf/tex/generic/pgf/utilities/pgfrcs.code.tex
Package: pgfrcs 2010/10/25 v2.10 (rcs-revision 1.24)
))
Package: pgf 2008/01/15 v2.10 (rcs-revision 1.12)

(/usr/share/texmf/tex/latex/pgf/basiclayer/pgfcore.sty
(/usr/share/texmf/tex/latex/pgf/systemlayer/pgfsys.sty
(/usr/share/texmf/tex/generic/pgf/systemlayer/pgfsys.code.tex
Package: pgfsys 2010/06/30 v2.10 (rcs-revision 1.37)

(/usr/share/texmf/tex/generic/pgf/utilities/pgfkeys.code.tex
\pgfkeys@pathtoks=\toks24
\pgfkeys@temptoks=\toks25

(/usr/share/texmf/tex/generic/pgf/utilities/pgfkeysfiltered.code.tex
\pgfkeys@tmptoks=\toks26
))
\pgf@x=\dimen153
\pgf@y=\dimen154
\pgf@xa=\dimen155
\pgf@ya=\dimen156
\pgf@xb=\dimen157
\pgf@yb=\dimen158
\pgf@xc=\dimen159
\pgf@yc=\dimen160
\w@pgf@writea=\write3
\r@pgf@reada=\read1
\c@pgf@counta=\count123
\c@pgf@countb=\count124
\c@pgf@countc=\count125
\c@pgf@countd=\count126

(/usr/share/texmf/tex/generic/pgf/systemlayer/pgf.cfg
File: pgf.cfg 2008/05/14  (rcs-revision 1.7)
)
Package pgfsys Info: Driver file for pgf: pgfsys-pdftex.def on input line 900.

(/usr/share/texmf/tex/generic/pgf/systemlayer/pgfsys-pdftex.def
File: pgfsys-pdftex.def 2009/05/22  (rcs-revision 1.26)

(/usr/share/texmf/tex/generic/pgf/systemlayer/pgfsys-common-pdf.def
File: pgfsys-common-pdf.def 2008/05/19  (rcs-revision 1.10)
)))
(/usr/share/texmf/tex/generic/pgf/systemlayer/pgfsyssoftpath.code.tex
File: pgfsyssoftpath.code.tex 2008/07/18  (rcs-revision 1.7)
\pgfsyssoftpath@smallbuffer@items=\count127
\pgfsyssoftpath@bigbuffer@items=\count128
)
(/usr/share/texmf/tex/generic/pgf/systemlayer/pgfsysprotocol.code.tex
File: pgfsysprotocol.code.tex 2006/10/16  (rcs-revision 1.4)
))
(/usr/share/texmf/tex/generic/pgf/basiclayer/pgfcore.code.tex
Package: pgfcore 2010/04/11 v2.10 (rcs-revision 1.7)

(/usr/share/texmf/tex/generic/pgf/math/pgfmath.code.tex
(/usr/share/texmf/tex/generic/pgf/math/pgfmathcalc.code.tex
(/usr/share/texmf/tex/generic/pgf/math/pgfmathutil.code.tex)
(/usr/share/texmf/tex/generic/pgf/math/pgfmathparser.code.tex
\pgfmath@dimen=\dimen161
\pgfmath@count=\count129
\pgfmath@box=\box32
\pgfmath@toks=\toks27
\pgfmath@stack@operand=\toks28
\pgfmath@stack@operation=\toks29
)
(/usr/share/texmf/tex/generic/pgf/math/pgfmathfunctions.code.tex
(/usr/share/texmf/tex/generic/pgf/math/pgfmathfunctions.basic.code.tex)
(/usr/share/texmf/tex/generic/pgf/math/pgfmathfunctions.trigonometric.code.tex)
(/usr/share/texmf/tex/generic/pgf/math/pgfmathfunctions.random.code.tex)
(/usr/share/texmf/tex/generic/pgf/math/pgfmathfunctions.comparison.code.tex)
(/usr/share/texmf/tex/generic/pgf/math/pgfmathfunctions.base.code.tex)
(/usr/share/texmf/tex/generic/pgf/math/pgfmathfunctions.round.code.tex)
(/usr/share/texmf/tex/generic/pgf/math/pgfmathfunctions.misc.code.tex)))
(/usr/share/texmf/tex/generic/pgf/math/pgfmathfloat.code.tex
\c@pgfmathroundto@lastzeros=\count130
))
(/usr/share/texmf/tex/generic/pgf/basiclayer/pgfcorepoints.code.tex
File: pgfcorepoints.code.tex 2010/04/09  (rcs-revision 1.20)
\pgf@picminx=\dimen162
\pgf@picmaxx=\dimen163
\pgf@picminy=\dimen164
\pgf@picmaxy=\dimen165
\pgf@pathminx=\dimen166
\pgf@pathmaxx=\dimen167
\pgf@pathminy=\dimen168
\pgf@pathmaxy=\dimen169
\pgf@xx=\dimen170
\pgf@xy=\dimen171
\pgf@yx=\dimen172
\pgf@yy=\dimen173
\pgf@zx=\dimen174
\pgf@zy=\dimen175
)
(/usr/share/texmf/tex/generic/pgf/basiclayer/pgfcorepathconstruct.code.tex
File: pgfcorepathconstruct.code.tex 2010/08/03  (rcs-revision 1.24)
\pgf@path@lastx=\dimen176
\pgf@path@lasty=\dimen177
)
(/usr/share/texmf/tex/generic/pgf/basiclayer/pgfcorepathusage.code.tex
File: pgfcorepathusage.code.tex 2008/04/22  (rcs-revision 1.12)
\pgf@shorten@end@additional=\dimen178
\pgf@shorten@start@additional=\dimen179
)
(/usr/share/texmf/tex/generic/pgf/basiclayer/pgfcorescopes.code.tex
File: pgfcorescopes.code.tex 2010/09/08  (rcs-revision 1.34)
\pgfpic=\box33
\pgf@hbox=\box34
\pgf@layerbox@main=\box35
\pgf@picture@serial@count=\count131
)
(/usr/share/texmf/tex/generic/pgf/basiclayer/pgfcoregraphicstate.code.tex
File: pgfcoregraphicstate.code.tex 2008/04/22  (rcs-revision 1.9)
\pgflinewidth=\dimen180
)
(/usr/share/texmf/tex/generic/pgf/basiclayer/pgfcoretransformations.code.tex
File: pgfcoretransformations.code.tex 2009/06/10  (rcs-revision 1.11)
\pgf@pt@x=\dimen181
\pgf@pt@y=\dimen182
\pgf@pt@temp=\dimen183
)
(/usr/share/texmf/tex/generic/pgf/basiclayer/pgfcorequick.code.tex
File: pgfcorequick.code.tex 2008/10/09  (rcs-revision 1.3)
)
(/usr/share/texmf/tex/generic/pgf/basiclayer/pgfcoreobjects.code.tex
File: pgfcoreobjects.code.tex 2006/10/11  (rcs-revision 1.2)
)
(/usr/share/texmf/tex/generic/pgf/basiclayer/pgfcorepathprocessing.code.tex
File: pgfcorepathprocessing.code.tex 2008/10/09  (rcs-revision 1.8)
)
(/usr/share/texmf/tex/generic/pgf/basiclayer/pgfcorearrows.code.tex
File: pgfcorearrows.code.tex 2008/04/23  (rcs-revision 1.11)
)
(/usr/share/texmf/tex/generic/pgf/basiclayer/pgfcoreshade.code.tex
File: pgfcoreshade.code.tex 2008/11/23  (rcs-revision 1.13)
\pgf@max=\dimen184
\pgf@sys@shading@range@num=\count132
)
(/usr/share/texmf/tex/generic/pgf/basiclayer/pgfcoreimage.code.tex
File: pgfcoreimage.code.tex 2010/03/25  (rcs-revision 1.16)

(/usr/share/texmf/tex/generic/pgf/basiclayer/pgfcoreexternal.code.tex
File: pgfcoreexternal.code.tex 2010/09/01  (rcs-revision 1.17)
\pgfexternal@startupbox=\box36
))
(/usr/share/texmf/tex/generic/pgf/basiclayer/pgfcorelayers.code.tex
File: pgfcorelayers.code.tex 2010/08/27  (rcs-revision 1.2)
)
(/usr/share/texmf/tex/generic/pgf/basiclayer/pgfcoretransparency.code.tex
File: pgfcoretransparency.code.tex 2008/01/17  (rcs-revision 1.2)
)
(/usr/share/texmf/tex/generic/pgf/basiclayer/pgfcorepatterns.code.tex
File: pgfcorepatterns.code.tex 2009/07/02  (rcs-revision 1.3)
)))
(/usr/share/texmf/tex/generic/pgf/modules/pgfmoduleshapes.code.tex
File: pgfmoduleshapes.code.tex 2010/09/09  (rcs-revision 1.13)
\pgfnodeparttextbox=\box37
)
(/usr/share/texmf/tex/generic/pgf/modules/pgfmoduleplot.code.tex
File: pgfmoduleplot.code.tex 2010/10/22  (rcs-revision 1.8)
)
(/usr/share/texmf/tex/latex/pgf/compatibility/pgfcomp-version-0-65.sty
Package: pgfcomp-version-0-65 2007/07/03 v2.10 (rcs-revision 1.7)
\pgf@nodesepstart=\dimen185
\pgf@nodesepend=\dimen186
)
(/usr/share/texmf/tex/latex/pgf/compatibility/pgfcomp-version-1-18.sty
Package: pgfcomp-version-1-18 2007/07/23 v2.10 (rcs-revision 1.1)
))
(/usr/share/texmf/tex/latex/pgf/utilities/pgffor.sty
(/usr/share/texmf/tex/latex/pgf/utilities/pgfkeys.sty
(/usr/share/texmf/tex/generic/pgf/utilities/pgfkeys.code.tex))
(/usr/share/texmf/tex/generic/pgf/utilities/pgffor.code.tex
Package: pgffor 2010/03/23 v2.10 (rcs-revision 1.18)
\pgffor@iter=\dimen187
\pgffor@skip=\dimen188
\pgffor@stack=\toks30
\pgffor@toks=\toks31
))
(/usr/share/texmf/tex/generic/pgf/frontendlayer/tikz/tikz.code.tex
Package: tikz 2010/10/13 v2.10 (rcs-revision 1.76)

(/usr/share/texmf/tex/generic/pgf/libraries/pgflibraryplothandlers.code.tex
File: pgflibraryplothandlers.code.tex 2010/05/31 v2.10 (rcs-revision 1.15)
\pgf@plot@mark@count=\count133
\pgfplotmarksize=\dimen189
)
\tikz@lastx=\dimen190
\tikz@lasty=\dimen191
\tikz@lastxsaved=\dimen192
\tikz@lastysaved=\dimen193
\tikzleveldistance=\dimen194
\tikzsiblingdistance=\dimen195
\tikz@figbox=\box38
\tikz@tempbox=\box39
\tikztreelevel=\count134
\tikznumberofchildren=\count135
\tikznumberofcurrentchild=\count136
\tikz@fig@count=\count137

(/usr/share/texmf/tex/generic/pgf/modules/pgfmodulematrix.code.tex
File: pgfmodulematrix.code.tex 2010/08/24  (rcs-revision 1.4)
\pgfmatrixcurrentrow=\count138
\pgfmatrixcurrentcolumn=\count139
\pgf@matrix@numberofcolumns=\count140
)
\tikz@expandcount=\count141

(/usr/share/texmf/tex/generic/pgf/frontendlayer/tikz/libraries/tikzlibrarytopat
hs.code.tex
File: tikzlibrarytopaths.code.tex 2008/06/17 v2.10 (rcs-revision 1.2)
))) (/usr/share/texlive/texmf-dist/tex/latex/ms/ragged2e.sty
Package: ragged2e 2009/05/21 v2.1 ragged2e Package (MS)

(/usr/share/texlive/texmf-dist/tex/latex/ms/everysel.sty
Package: everysel 2011/10/28 v1.2 EverySelectfont Package (MS)
)
\CenteringLeftskip=\skip62
\RaggedLeftLeftskip=\skip63
\RaggedRightLeftskip=\skip64
\CenteringRightskip=\skip65
\RaggedLeftRightskip=\skip66
\RaggedRightRightskip=\skip67
\CenteringParfillskip=\skip68
\RaggedLeftParfillskip=\skip69
\RaggedRightParfillskip=\skip70
\JustifyingParfillskip=\skip71
\CenteringParindent=\skip72
\RaggedLeftParindent=\skip73
\RaggedRightParindent=\skip74
\JustifyingParindent=\skip75
)
(/usr/share/texlive/texmf-dist/tex/latex/hyperref/hyperref.sty
Package: hyperref 2012/11/06 v6.83m Hypertext links for LaTeX

(/usr/share/texlive/texmf-dist/tex/generic/oberdiek/hobsub-hyperref.sty
Package: hobsub-hyperref 2012/05/28 v1.13 Bundle oberdiek, subset hyperref (HO)


(/usr/share/texlive/texmf-dist/tex/generic/oberdiek/hobsub-generic.sty
Package: hobsub-generic 2012/05/28 v1.13 Bundle oberdiek, subset generic (HO)
Package: hobsub 2012/05/28 v1.13 Construct package bundles (HO)
Package hobsub Info: Skipping package `infwarerr' (already loaded).
Package hobsub Info: Skipping package `ltxcmds' (already loaded).
Package hobsub Info: Skipping package `ifluatex' (already loaded).
Package hobsub Info: Skipping package `ifvtex' (already loaded).
Package: intcalc 2007/09/27 v1.1 Expandable calculations with integers (HO)
Package hobsub Info: Skipping package `ifpdf' (already loaded).
Package hobsub Info: Skipping package `etexcmds' (already loaded).
Package hobsub Info: Skipping package `kvsetkeys' (already loaded).
Package hobsub Info: Skipping package `kvdefinekeys' (already loaded).
Package hobsub Info: Skipping package `pdftexcmds' (already loaded).
Package: pdfescape 2011/11/25 v1.13 Implements pdfTeX's escape features (HO)
Package: bigintcalc 2012/04/08 v1.3 Expandable calculations on big integers (HO
)
Package: bitset 2011/01/30 v1.1 Handle bit-vector datatype (HO)
Package: uniquecounter 2011/01/30 v1.2 Provide unlimited unique counter (HO)
)
Package hobsub Info: Skipping package `hobsub' (already loaded).
Package: letltxmacro 2010/09/02 v1.4 Let assignment for LaTeX macros (HO)
Package: hopatch 2012/05/28 v1.2 Wrapper for package hooks (HO)
Package: xcolor-patch 2011/01/30 xcolor patch
Package: atveryend 2011/06/30 v1.8 Hooks at the very end of document (HO)
Package atveryend Info: \enddocument detected (standard20110627).
Package: atbegshi 2011/10/05 v1.16 At begin shipout hook (HO)
Package: refcount 2011/10/16 v3.4 Data extraction from label references (HO)
Package: hycolor 2011/01/30 v1.7 Color options for hyperref/bookmark (HO)
)
(/usr/share/texlive/texmf-dist/tex/latex/oberdiek/auxhook.sty
Package: auxhook 2011/03/04 v1.3 Hooks for auxiliary files (HO)
)
\@linkdim=\dimen196
\Hy@linkcounter=\count142
\Hy@pagecounter=\count143

(/usr/share/texlive/texmf-dist/tex/latex/hyperref/pd1enc.def
File: pd1enc.def 2012/11/06 v6.83m Hyperref: PDFDocEncoding definition (HO)
)
\Hy@SavedSpaceFactor=\count144

(/usr/share/texlive/texmf-dist/tex/latex/latexconfig/hyperref.cfg
File: hyperref.cfg 2002/06/06 v1.2 hyperref configuration of TeXLive
)
Package hyperref Info: Hyper figures OFF on input line 4443.
Package hyperref Info: Link nesting OFF on input line 4448.
Package hyperref Info: Hyper index ON on input line 4451.
Package hyperref Info: Plain pages OFF on input line 4458.
Package hyperref Info: Backreferencing OFF on input line 4463.
Package hyperref Info: Implicit mode ON; LaTeX internals redefined.
Package hyperref Info: Bookmarks ON on input line 4688.
\c@Hy@tempcnt=\count145

(/usr/share/texlive/texmf-dist/tex/latex/url/url.sty
\Urlmuskip=\muskip11
Package: url 2013/09/16  ver 3.4  Verb mode for urls, etc.
)
LaTeX Info: Redefining \url on input line 5041.
\XeTeXLinkMargin=\dimen197
\Fld@menulength=\count146
\Field@Width=\dimen198
\Fld@charsize=\dimen199
Package hyperref Info: Hyper figures OFF on input line 6295.
Package hyperref Info: Link nesting OFF on input line 6300.
Package hyperref Info: Hyper index ON on input line 6303.
Package hyperref Info: backreferencing OFF on input line 6310.
Package hyperref Info: Link coloring OFF on input line 6315.
Package hyperref Info: Link coloring with OCG OFF on input line 6320.
Package hyperref Info: PDF/A mode OFF on input line 6325.
LaTeX Info: Redefining \ref on input line 6365.
LaTeX Info: Redefining \pageref on input line 6369.
\Hy@abspage=\count147
\c@Item=\count148
\c@Hfootnote=\count149
)

Package hyperref Message: Driver (autodetected): hpdftex.

(/usr/share/texlive/texmf-dist/tex/latex/hyperref/hpdftex.def
File: hpdftex.def 2012/11/06 v6.83m Hyperref driver for pdfTeX
\Fld@listcount=\count150
\c@bookmark@seq@number=\count151

(/usr/share/texlive/texmf-dist/tex/latex/oberdiek/rerunfilecheck.sty
Package: rerunfilecheck 2011/04/15 v1.7 Rerun checks for auxiliary files (HO)
Package uniquecounter Info: New unique counter `rerunfilecheck' on input line 2
82.
)
\Hy@SectionHShift=\skip76
)
(/usr/share/texlive/texmf-dist/tex/latex/mh/mathtools.sty
Package: mathtools 2013/02/12 v1.13 mathematical typesetting tools

(/usr/share/texlive/texmf-dist/tex/latex/tools/calc.sty
Package: calc 2007/08/22 v4.3 Infix arithmetic (KKT,FJ)
\calc@Acount=\count152
\calc@Bcount=\count153
\calc@Adimen=\dimen200
\calc@Bdimen=\dimen201
\calc@Askip=\skip77
\calc@Bskip=\skip78
LaTeX Info: Redefining \setlength on input line 76.
LaTeX Info: Redefining \addtolength on input line 77.
\calc@Ccount=\count154
\calc@Cskip=\skip79
)
(/usr/share/texlive/texmf-dist/tex/latex/mh/mhsetup.sty
Package: mhsetup 2010/01/21 v1.2a programming setup (MH)
)
LaTeX Info: Thecontrolsequence`\['isalreadyrobust on input line 129.
LaTeX Info: Thecontrolsequence`\]'isalreadyrobust on input line 129.
\g_MT_multlinerow_int=\count155
\l_MT_multwidth_dim=\dimen202
\origjot=\skip80
\l_MT_shortvdotswithinadjustabove_dim=\dimen203
\l_MT_shortvdotswithinadjustbelow_dim=\dimen204
\l_MT_above_intertext_sep=\dimen205
\l_MT_below_intertext_sep=\dimen206
\l_MT_above_shortintertext_sep=\dimen207
\l_MT_below_shortintertext_sep=\dimen208
)
(/usr/share/texlive/texmf-dist/tex/latex/enumitem/enumitem.sty
Package: enumitem 2011/09/28 v3.5.2 Customized lists
\labelindent=\skip81
\enit@outerparindent=\dimen209
\enit@toks=\toks32
\enit@inbox=\box40
\enitdp@description=\count156
)
(/usr/share/texmf/tex/generic/pgf/frontendlayer/tikz/libraries/tikzlibraryposit
ioning.code.tex
File: tikzlibrarypositioning.code.tex 2008/10/06 v2.10 (rcs-revision 1.7)
)
(/usr/share/texmf/tex/generic/pgf/frontendlayer/tikz/libraries/tikzlibraryfit.c
ode.tex
File: tikzlibraryfit.code.tex 2008/06/21 v2.10 (rcs-revision 1.3)
)

LaTeX Warning: Unused global option(s):
    [letter].

(./main.aux)
\openout1 = `main.aux'.

LaTeX Font Info:    Checking defaults for OML/pxmi/m/it on input line 40.
LaTeX Font Info:    Try loading font information for OML+pxmi on input line 40.

 (/usr/share/texlive/texmf-dist/tex/latex/pxfonts/omlpxmi.fd
File: omlpxmi.fd 2000/12/14 v1.0
)
LaTeX Font Info:    ... okay on input line 40.
LaTeX Font Info:    Checking defaults for T1/cmr/m/n on input line 40.
LaTeX Font Info:    ... okay on input line 40.
LaTeX Font Info:    Checking defaults for OT1/cmr/m/n on input line 40.
LaTeX Font Info:    ... okay on input line 40.
LaTeX Font Info:    Checking defaults for OMS/pxsy/m/n on input line 40.
LaTeX Font Info:    Try loading font information for OMS+pxsy on input line 40.


(/usr/share/texlive/texmf-dist/tex/latex/pxfonts/omspxsy.fd
File: omspxsy.fd 2000/12/14 v1.0
)
LaTeX Font Info:    ... okay on input line 40.
LaTeX Font Info:    Checking defaults for OMX/pxex/m/n on input line 40.
LaTeX Font Info:    Try loading font information for OMX+pxex on input line 40.


(/usr/share/texlive/texmf-dist/tex/latex/pxfonts/omxpxex.fd
File: omxpxex.fd 2000/12/14 v1.0
)
LaTeX Font Info:    ... okay on input line 40.
LaTeX Font Info:    Checking defaults for U/pxexa/m/n on input line 40.
LaTeX Font Info:    Try loading font information for U+pxexa on input line 40.

(/usr/share/texlive/texmf-dist/tex/latex/pxfonts/upxexa.fd
File: upxexa.fd 2000/12/14 v1.0
)
LaTeX Font Info:    ... okay on input line 40.
LaTeX Font Info:    Checking defaults for PD1/pdf/m/n on input line 40.
LaTeX Font Info:    ... okay on input line 40.
LaTeX Font Info:    Try loading font information for OT1+pxr on input line 40.

(/usr/share/texlive/texmf-dist/tex/latex/pxfonts/ot1pxr.fd
File: ot1pxr.fd 2000/12/14 v1.0
)
(/usr/share/texlive/texmf-dist/tex/context/base/supp-pdf.mkii
[Loading MPS to PDF converter (version 2006.09.02).]
\scratchcounter=\count157
\scratchdimen=\dimen210
\scratchbox=\box41
\nofMPsegments=\count158
\nofMParguments=\count159
\everyMPshowfont=\toks33
\MPscratchCnt=\count160
\MPscratchDim=\dimen211
\MPnumerator=\count161
\makeMPintoPDFobject=\count162
\everyMPtoPDFconversion=\toks34
)
Package caption Info: Begin \AtBeginDocument code.
Package caption Info: subfig package v1.3 is loaded.
Package caption Info: hyperref package is loaded.
Package caption Info: listings package is loaded.
Package caption Info: End \AtBeginDocument code.

*geometry* driver: auto-detecting
*geometry* detected driver: pdftex
*geometry* verbose mode - [ preamble ] result:
* driver: pdftex
* paper: <default>
* layout: <same size as paper>
* layoutoffset:(h,v)=(0.0pt,0.0pt)
* modes: 
* h-part:(L,W,R)=(72.26999pt, 469.75502pt, 72.26999pt)
* v-part:(T,H,B)=(72.26999pt, 650.43001pt, 72.26999pt)
* \paperwidth=614.295pt
* \paperheight=794.96999pt
* \textwidth=469.75502pt
* \textheight=650.43001pt
* \oddsidemargin=0.0pt
* \evensidemargin=0.0pt
* \topmargin=-37.0pt
* \headheight=12.0pt
* \headsep=25.0pt
* \topskip=10.0pt
* \footskip=30.0pt
* \marginparwidth=65.0pt
* \marginparsep=11.0pt
* \columnsep=10.0pt
* \skip\footins=9.0pt plus 4.0pt minus 2.0pt
* \hoffset=0.0pt
* \voffset=0.0pt
* \mag=1000
* \@twocolumnfalse
* \@twosidefalse
* \@mparswitchfalse
* \@reversemarginfalse
* (1in=72.27pt=25.4mm, 1cm=28.453pt)

\c@lstlisting=\count163
ABD: EveryShipout initializing macros ABD: EverySelectfont initializing macros
LaTeX Info: Redefining \selectfont on input line 40.
\AtBeginShipoutBox=\box42
Package hyperref Info: Link coloring OFF on input line 40.

(/usr/share/texlive/texmf-dist/tex/latex/hyperref/nameref.sty
Package: nameref 2012/10/27 v2.43 Cross-referencing by name of section

(/usr/share/texlive/texmf-dist/tex/generic/oberdiek/gettitlestring.sty
Package: gettitlestring 2010/12/03 v1.4 Cleanup title references (HO)
)
\c@section@level=\count164
)
LaTeX Info: Redefining \ref on input line 40.
LaTeX Info: Redefining \pageref on input line 40.
LaTeX Info: Redefining \nameref on input line 40.

(./main.out) (./main.out)
\@outlinefile=\write4
\openout4 = `main.out'.

Package epstopdf Info: Source file: <evolutus-with-text-blue.eps>
(epstopdf)                    date: 2015-02-01 13:08:00
(epstopdf)                    size: 40591 bytes
(epstopdf)             Output file: <evolutus-with-text-blue-eps-converted-to.p
df>
(epstopdf)                    date: 2015-03-19 00:48:52
(epstopdf)                    size: 17592 bytes
(epstopdf)             Command: <repstopdf --outfile=evolutus-with-text-blue-ep
s-converted-to.pdf evolutus-with-text-blue.eps>
(epstopdf)             \includegraphics on input line 45.
Package epstopdf Info: Output file is already uptodate.

<evolutus-with-text-blue-eps-converted-to.pdf, id=15, 455.7025pt x 117.43875pt>
File: evolutus-with-text-blue-eps-converted-to.pdf Graphic file (type pdf)
<use evolutus-with-text-blue-eps-converted-to.pdf>
Package pdftex.def Info: evolutus-with-text-blue-eps-converted-to.pdf used on i
nput line 45.
(pdftex.def)             Requested size: 182.27776pt x 46.97466pt.

Underfull \hbox (badness 10000) in paragraph at lines 48--50

 []

[1

{/var/lib/texmf/fonts/map/pdftex/updmap/pdftex.map} <./evolutus-with-text-blue-
eps-converted-to.pdf>]
LaTeX Font Info:    Try loading font information for OT1+pxtt on input line 71.


(/usr/share/texlive/texmf-dist/tex/latex/pxfonts/ot1pxtt.fd
File: ot1pxtt.fd 2000/12/14 v1.0
)
<feature.png, id=42, 1082.0425pt x 346.29375pt>
File: feature.png Graphic file (type png)
 <use feature.png>
Package pdftex.def Info: feature.png used on input line 80.
(pdftex.def)             Requested size: 375.80544pt x 120.26935pt.

<featureoutlier.png, id=44, 753.81625pt x 240.9pt>
File: featureoutlier.png Graphic file (type png)
 <use featureoutlier.png>
Package pdftex.def Info: featureoutlier.png used on input line 85.
(pdftex.def)             Requested size: 375.80544pt x 120.09682pt.
LaTeX Font Info:    Try loading font information for U+pxmia on input line 90.

(/usr/share/texlive/texmf-dist/tex/latex/pxfonts/upxmia.fd
File: upxmia.fd 2000/12/14 v1.0
)
LaTeX Font Info:    Try loading font information for U+pxsya on input line 90.

(/usr/share/texlive/texmf-dist/tex/latex/pxfonts/upxsya.fd
File: upxsya.fd 2000/12/14 v1.0
)
LaTeX Font Info:    Try loading font information for U+pxsyb on input line 90.

(/usr/share/texlive/texmf-dist/tex/latex/pxfonts/upxsyb.fd
File: utxsyb.fd 2000/12/14 v1.0
)
LaTeX Font Info:    Try loading font information for U+pxsyc on input line 90.

(/usr/share/texlive/texmf-dist/tex/latex/pxfonts/upxsyc.fd
File: upxsyc.fd 2000/12/14 v1.0
)
<3dfront.png, id=47, 1043.9pt x 583.17876pt>
File: 3dfront.png Graphic file (type png)
 <use 3dfront.png>
Package pdftex.def Info: 3dfront.png used on input line 96.
(pdftex.def)             Requested size: 187.89914pt x 104.96764pt.

<3dtop.png, id=48, 1040.88875pt x 586.19pt>
File: 3dtop.png Graphic file (type png)
 <use 3dtop.png>
Package pdftex.def Info: 3dtop.png used on input line 99.
(pdftex.def)             Requested size: 187.89914pt x 105.81375pt.


LaTeX Warning: `!h' float specifier changed to `!ht'.

pdfTeX warning (ext4): destination with the same identifier (name{page.1}) has 
been already used, duplicate ignored
<to be read again> 
                   \relax 
l.110 
       [1 <./feature.png> <./featureoutlier.png>]
<trajside.png, id=71, 1071.00125pt x 588.1975pt>
File: trajside.png Graphic file (type png)
 <use trajside.png>
Package pdftex.def Info: trajside.png used on input line 125.
(pdftex.def)             Requested size: 187.89914pt x 103.18741pt.

<trajtop.png, id=72, 1060.96375pt x 594.22pt>
File: trajtop.png Graphic file (type png)
 <use trajtop.png>
Package pdftex.def Info: trajtop.png used on input line 129.
(pdftex.def)             Requested size: 187.89914pt x 105.23224pt.

<position_adjusted.png, id=73, 1044.90375pt x 580.1675pt>
File: position_adjusted.png Graphic file (type png)

<use position_adjusted.png>
Package pdftex.def Info: position_adjusted.png used on input line 136.
(pdftex.def)             Requested size: 375.80544pt x 208.66537pt.

<orientation.png, id=74, 1058.95625pt x 587.19376pt>
File: orientation.png Graphic file (type png)
 <use orientation.png>
Package pdftex.def Info: orientation.png used on input line 143.
(pdftex.def)             Requested size: 375.80544pt x 208.38805pt.
LaTeX Font Info:    Try loading font information for OMS+pxr on input line 151.


(/usr/share/texlive/texmf-dist/tex/latex/pxfonts/omspxr.fd
File: omspxr.fd 2000/12/14 v1.0
)
LaTeX Font Info:    Font shape `OMS/pxr/m/n' in size <10> not available
(Font)              Font shape `OMS/pxsy/m/n' tried instead on input line 151.

<trajside_iter.png, id=78, 1077.02374pt x 591.20876pt>
File: trajside_iter.png Graphic file (type png)
 <use trajside_iter.png>
Package pdftex.def Info: trajside_iter.png used on input line 159.
(pdftex.def)             Requested size: 187.89914pt x 103.13832pt.

<trajtop_iter.png, id=79, 1063.975pt x 588.1975pt>
File: trajtop_iter.png Graphic file (type png)
 <use trajtop_iter.png>
Package pdftex.def Info: trajtop_iter.png used on input line 162.
(pdftex.def)             Requested size: 187.89914pt x 103.86952pt.


LaTeX Warning: `!h' float specifier changed to `!ht'.

<position_adjusted_iter.png, id=80, 1057.9525pt x 584.1825pt>
File: position_adjusted_iter.png Graphic file (type png)

<use position_adjusted_iter.png>
Package pdftex.def Info: position_adjusted_iter.png used on input line 169.
(pdftex.def)             Requested size: 375.80544pt x 207.51549pt.


LaTeX Warning: `!h' float specifier changed to `!ht'.

<orientation_iter.png, id=81, 1069.9975pt x 584.1825pt>
File: orientation_iter.png Graphic file (type png)

<use orientation_iter.png>
Package pdftex.def Info: orientation_iter.png used on input line 176.
(pdftex.def)             Requested size: 375.80544pt x 205.18004pt.


LaTeX Warning: `!h' float specifier changed to `!ht'.

[2 <./3dfront.png> <./3dtop.png> <./trajside.png> <./trajtop.png>]
<trajside_thres.png, id=107, 1063.975pt x 585.18625pt>
File: trajside_thres.png Graphic file (type png)

<use trajside_thres.png>
Package pdftex.def Info: trajside_thres.png used on input line 191.
(pdftex.def)             Requested size: 187.89914pt x 103.33775pt.

<trajtop_thres.png, id=108, 1068.99374pt x 595.22375pt>
File: trajtop_thres.png Graphic file (type png)

<use trajtop_thres.png>
Package pdftex.def Info: trajtop_thres.png used on input line 194.
(pdftex.def)             Requested size: 187.89914pt x 104.61983pt.


LaTeX Warning: `!h' float specifier changed to `!ht'.

<position_adjusted_thres.png, id=109, 1053.9375pt x 581.17125pt>
File: position_adjusted_thres.png Graphic file (type png)

<use position_adjusted_thres.png>
Package pdftex.def Info: position_adjusted_thres.png used on input line 200.
(pdftex.def)             Requested size: 371.1033pt x 204.63676pt.


LaTeX Warning: `!h' float specifier changed to `!ht'.

<orientation_thres.png, id=110, 1053.9375pt x 578.16pt>
File: orientation_thres.png Graphic file (type png)

<use orientation_thres.png>
Package pdftex.def Info: orientation_thres.png used on input line 206.
(pdftex.def)             Requested size: 371.1033pt x 203.57646pt.


LaTeX Warning: `!h' float specifier changed to `!ht'.

[3 <./position_adjusted.png> <./orientation.png>]

LaTeX Warning: Text page 4 contains only floats.


Overfull \vbox (1.63503pt too high) has occurred while \output is active []


[4 <./trajside_iter.png> <./trajtop_iter.png> <./position_adjusted_iter.png> <.
/orientation_iter.png>]

LaTeX Warning: Text page 5 contains only floats.

[5 <./trajside_thres.png> <./trajtop_thres.png> <./position_adjusted_thres.png>
 <./orientation_thres.png>]
<position_drift.png, id=147, 1066.98625pt x 595.22375pt>
File: position_drift.png Graphic file (type png)

<use position_drift.png>
Package pdftex.def Info: position_drift.png used on input line 219.
(pdftex.def)             Requested size: 352.31625pt x 196.54251pt.

<orientation_drift.png, id=148, 1081.03876pt x 602.25pt>
File: orientation_drift.png Graphic file (type png)

<use orientation_drift.png>
Package pdftex.def Info: orientation_drift.png used on input line 226.
(pdftex.def)             Requested size: 352.31625pt x 196.2711pt.
 <trajside_int7.png, id=149, 1076.02pt x 594.22pt>
File: trajside_int7.png Graphic file (type png)

<use trajside_int7.png>
Package pdftex.def Info: trajside_int7.png used on input line 235.
(pdftex.def)             Requested size: 187.89914pt x 103.76338pt.
 <trajtop_int7.png, id=150, 1075.01625pt x 588.1975pt>
File: trajtop_int7.png Graphic file (type png)

<use trajtop_int7.png>
Package pdftex.def Info: trajtop_int7.png used on input line 238.
(pdftex.def)             Requested size: 187.89914pt x 102.81044pt.


LaTeX Warning: `!h' float specifier changed to `!ht'.

<position_adjusted_int7.png, id=151, 1055.945pt x 587.19376pt>
File: position_adjusted_int7.png Graphic file (type png)

<use position_adjusted_int7.png>
Package pdftex.def Info: position_adjusted_int7.png used on input line 245.
(pdftex.def)             Requested size: 371.1033pt x 206.36311pt.


LaTeX Warning: `!h' float specifier changed to `!ht'.

<orientation_int7.png, id=152, 1064.97874pt x 590.205pt>
File: orientation_int7.png Graphic file (type png)

<use orientation_int7.png>
Package pdftex.def Info: orientation_int7.png used on input line 252.
(pdftex.def)             Requested size: 371.1033pt x 205.65625pt.


LaTeX Warning: `!h' float specifier changed to `!ht'.

[6 <./position_drift.png> <./orientation_drift.png>]

LaTeX Warning: Text page 7 contains only floats.

[7 <./trajside_int7.png> <./trajtop_int7.png> <./position_adjusted_int7.png> <.
/orientation_int7.png>]
Package epstopdf Info: Source file: <b_x.eps>
(epstopdf)                    date: 2015-03-19 00:15:54
(epstopdf)                    size: 130730 bytes
(epstopdf)             Output file: <b_x-eps-converted-to.pdf>
(epstopdf)                    date: 2015-03-19 11:52:44
(epstopdf)                    size: 50903 bytes
(epstopdf)             Command: <repstopdf --outfile=b_x-eps-converted-to.pdf b
_x.eps>
(epstopdf)             \includegraphics on input line 269.
Package epstopdf Info: Output file is already uptodate.

<b_x-eps-converted-to.pdf, id=179, 487.8225pt x 382.42876pt>
File: b_x-eps-converted-to.pdf Graphic file (type pdf)

<use b_x-eps-converted-to.pdf>
Package pdftex.def Info: b_x-eps-converted-to.pdf used on input line 269.
(pdftex.def)             Requested size: 112.74377pt x 88.38274pt.
Package epstopdf Info: Source file: <b_y.eps>
(epstopdf)                    date: 2015-03-19 00:15:53
(epstopdf)                    size: 129655 bytes
(epstopdf)             Output file: <b_y-eps-converted-to.pdf>
(epstopdf)                    date: 2015-03-19 11:52:44
(epstopdf)                    size: 50673 bytes
(epstopdf)             Command: <repstopdf --outfile=b_y-eps-converted-to.pdf b
_y.eps>
(epstopdf)             \includegraphics on input line 270.
Package epstopdf Info: Output file is already uptodate.

<b_y-eps-converted-to.pdf, id=180, 487.8225pt x 382.42876pt>
File: b_y-eps-converted-to.pdf Graphic file (type pdf)

<use b_y-eps-converted-to.pdf>
Package pdftex.def Info: b_y-eps-converted-to.pdf used on input line 270.
(pdftex.def)             Requested size: 112.74377pt x 88.38274pt.
Package epstopdf Info: Source file: <b_z.eps>
(epstopdf)                    date: 2015-03-19 00:15:52
(epstopdf)                    size: 129914 bytes
(epstopdf)             Output file: <b_z-eps-converted-to.pdf>
(epstopdf)                    date: 2015-03-19 11:52:44
(epstopdf)                    size: 50049 bytes
(epstopdf)             Command: <repstopdf --outfile=b_z-eps-converted-to.pdf b
_z.eps>
(epstopdf)             \includegraphics on input line 271.
Package epstopdf Info: Output file is already uptodate.

<b_z-eps-converted-to.pdf, id=181, 487.8225pt x 382.42876pt>
File: b_z-eps-converted-to.pdf Graphic file (type pdf)

<use b_z-eps-converted-to.pdf>
Package pdftex.def Info: b_z-eps-converted-to.pdf used on input line 271.
(pdftex.def)             Requested size: 112.74377pt x 88.38274pt.
Package epstopdf Info: Source file: <b_yaw.eps>
(epstopdf)                    date: 2015-03-19 00:15:55
(epstopdf)                    size: 130093 bytes
(epstopdf)             Output file: <b_yaw-eps-converted-to.pdf>
(epstopdf)                    date: 2015-03-19 11:52:45
(epstopdf)                    size: 50055 bytes
(epstopdf)             Command: <repstopdf --outfile=b_yaw-eps-converted-to.pdf
 b_yaw.eps>
(epstopdf)             \includegraphics on input line 272.
Package epstopdf Info: Output file is already uptodate.

<b_yaw-eps-converted-to.pdf, id=182, 478.78876pt x 382.42876pt>
File: b_yaw-eps-converted-to.pdf Graphic file (type pdf)

<use b_yaw-eps-converted-to.pdf>
Package pdftex.def Info: b_yaw-eps-converted-to.pdf used on input line 272.
(pdftex.def)             Requested size: 112.74377pt x 90.05165pt.
Package epstopdf Info: Source file: <i_x.eps>
(epstopdf)                    date: 2015-03-19 00:13:46
(epstopdf)                    size: 130686 bytes
(epstopdf)             Output file: <i_x-eps-converted-to.pdf>
(epstopdf)                    date: 2015-03-19 11:52:46
(epstopdf)                    size: 50934 bytes
(epstopdf)             Command: <repstopdf --outfile=i_x-eps-converted-to.pdf i
_x.eps>
(epstopdf)             \includegraphics on input line 278.
Package epstopdf Info: Output file is already uptodate.

<i_x-eps-converted-to.pdf, id=183, 487.8225pt x 382.42876pt>
File: i_x-eps-converted-to.pdf Graphic file (type pdf)

<use i_x-eps-converted-to.pdf>
Package pdftex.def Info: i_x-eps-converted-to.pdf used on input line 278.
(pdftex.def)             Requested size: 112.74377pt x 88.38274pt.
Package epstopdf Info: Source file: <i_y.eps>
(epstopdf)                    date: 2015-03-19 00:13:45
(epstopdf)                    size: 129561 bytes
(epstopdf)             Output file: <i_y-eps-converted-to.pdf>
(epstopdf)                    date: 2015-03-19 11:52:46
(epstopdf)                    size: 50774 bytes
(epstopdf)             Command: <repstopdf --outfile=i_y-eps-converted-to.pdf i
_y.eps>
(epstopdf)             \includegraphics on input line 279.
Package epstopdf Info: Output file is already uptodate.

<i_y-eps-converted-to.pdf, id=184, 487.8225pt x 382.42876pt>
File: i_y-eps-converted-to.pdf Graphic file (type pdf)

<use i_y-eps-converted-to.pdf>
Package pdftex.def Info: i_y-eps-converted-to.pdf used on input line 279.
(pdftex.def)             Requested size: 112.74377pt x 88.38274pt.
Package epstopdf Info: Source file: <i_z.eps>
(epstopdf)                    date: 2015-03-19 00:13:44
(epstopdf)                    size: 130161 bytes
(epstopdf)             Output file: <i_z-eps-converted-to.pdf>
(epstopdf)                    date: 2015-03-19 11:52:47
(epstopdf)                    size: 50647 bytes
(epstopdf)             Command: <repstopdf --outfile=i_z-eps-converted-to.pdf i
_z.eps>
(epstopdf)             \includegraphics on input line 280.
Package epstopdf Info: Output file is already uptodate.

<i_z-eps-converted-to.pdf, id=185, 487.8225pt x 382.42876pt>
File: i_z-eps-converted-to.pdf Graphic file (type pdf)

<use i_z-eps-converted-to.pdf>
Package pdftex.def Info: i_z-eps-converted-to.pdf used on input line 280.
(pdftex.def)             Requested size: 112.74377pt x 88.38274pt.
Package epstopdf Info: Source file: <i_yaw.eps>
(epstopdf)                    date: 2015-03-19 00:23:46
(epstopdf)                    size: 130013 bytes
(epstopdf)             Output file: <i_yaw-eps-converted-to.pdf>
(epstopdf)                    date: 2015-03-19 11:52:47
(epstopdf)                    size: 50107 bytes
(epstopdf)             Command: <repstopdf --outfile=i_yaw-eps-converted-to.pdf
 i_yaw.eps>
(epstopdf)             \includegraphics on input line 281.
Package epstopdf Info: Output file is already uptodate.

<i_yaw-eps-converted-to.pdf, id=186, 478.78876pt x 382.42876pt>
File: i_yaw-eps-converted-to.pdf Graphic file (type pdf)

<use i_yaw-eps-converted-to.pdf>
Package pdftex.def Info: i_yaw-eps-converted-to.pdf used on input line 281.
(pdftex.def)             Requested size: 112.74377pt x 90.05165pt.
Package epstopdf Info: Source file: <q_x.eps>
(epstopdf)                    date: 2015-03-19 00:12:23
(epstopdf)                    size: 130714 bytes
(epstopdf)             Output file: <q_x-eps-converted-to.pdf>
(epstopdf)                    date: 2015-03-19 11:52:48
(epstopdf)                    size: 51217 bytes
(epstopdf)             Command: <repstopdf --outfile=q_x-eps-converted-to.pdf q
_x.eps>
(epstopdf)             \includegraphics on input line 287.
Package epstopdf Info: Output file is already uptodate.

<q_x-eps-converted-to.pdf, id=187, 487.8225pt x 382.42876pt>
File: q_x-eps-converted-to.pdf Graphic file (type pdf)

<use q_x-eps-converted-to.pdf>
Package pdftex.def Info: q_x-eps-converted-to.pdf used on input line 287.
(pdftex.def)             Requested size: 112.74377pt x 88.38274pt.
Package epstopdf Info: Source file: <q_y.eps>
(epstopdf)                    date: 2015-03-19 00:12:22
(epstopdf)                    size: 129699 bytes
(epstopdf)             Output file: <q_y-eps-converted-to.pdf>
(epstopdf)                    date: 2015-03-19 11:52:48
(epstopdf)                    size: 50930 bytes
(epstopdf)             Command: <repstopdf --outfile=q_y-eps-converted-to.pdf q
_y.eps>
(epstopdf)             \includegraphics on input line 288.
Package epstopdf Info: Output file is already uptodate.

<q_y-eps-converted-to.pdf, id=188, 487.8225pt x 382.42876pt>
File: q_y-eps-converted-to.pdf Graphic file (type pdf)

<use q_y-eps-converted-to.pdf>
Package pdftex.def Info: q_y-eps-converted-to.pdf used on input line 288.
(pdftex.def)             Requested size: 112.74377pt x 88.38274pt.
Package epstopdf Info: Source file: <q_z.eps>
(epstopdf)                    date: 2015-03-19 00:12:21
(epstopdf)                    size: 130015 bytes
(epstopdf)             Output file: <q_z-eps-converted-to.pdf>
(epstopdf)                    date: 2015-03-19 11:52:49
(epstopdf)                    size: 50618 bytes
(epstopdf)             Command: <repstopdf --outfile=q_z-eps-converted-to.pdf q
_z.eps>
(epstopdf)             \includegraphics on input line 289.
Package epstopdf Info: Output file is already uptodate.

<q_z-eps-converted-to.pdf, id=189, 487.8225pt x 382.42876pt>
File: q_z-eps-converted-to.pdf Graphic file (type pdf)

<use q_z-eps-converted-to.pdf>
Package pdftex.def Info: q_z-eps-converted-to.pdf used on input line 289.
(pdftex.def)             Requested size: 112.74377pt x 88.38274pt.
Package epstopdf Info: Source file: <q_yaw.eps>
(epstopdf)                    date: 2015-03-19 00:12:24
(epstopdf)                    size: 130082 bytes
(epstopdf)             Output file: <q_yaw-eps-converted-to.pdf>
(epstopdf)                    date: 2015-03-19 11:52:49
(epstopdf)                    size: 50178 bytes
(epstopdf)             Command: <repstopdf --outfile=q_yaw-eps-converted-to.pdf
 q_yaw.eps>
(epstopdf)             \includegraphics on input line 290.
Package epstopdf Info: Output file is already uptodate.

<q_yaw-eps-converted-to.pdf, id=190, 478.78876pt x 382.42876pt>
File: q_yaw-eps-converted-to.pdf Graphic file (type pdf)

<use q_yaw-eps-converted-to.pdf>
Package pdftex.def Info: q_yaw-eps-converted-to.pdf used on input line 290.
(pdftex.def)             Requested size: 112.74377pt x 90.05165pt.
Package epstopdf Info: Source file: <r_x.eps>
(epstopdf)                    date: 2015-03-19 00:14:54
(epstopdf)                    size: 130685 bytes
(epstopdf)             Output file: <r_x-eps-converted-to.pdf>
(epstopdf)                    date: 2015-03-19 11:52:50
(epstopdf)                    size: 50613 bytes
(epstopdf)             Command: <repstopdf --outfile=r_x-eps-converted-to.pdf r
_x.eps>
(epstopdf)             \includegraphics on input line 297.
Package epstopdf Info: Output file is already uptodate.

<r_x-eps-converted-to.pdf, id=191, 487.8225pt x 382.42876pt>
File: r_x-eps-converted-to.pdf Graphic file (type pdf)

<use r_x-eps-converted-to.pdf>
Package pdftex.def Info: r_x-eps-converted-to.pdf used on input line 297.
(pdftex.def)             Requested size: 112.74377pt x 88.38274pt.
Package epstopdf Info: Source file: <r_y.eps>
(epstopdf)                    date: 2015-03-19 00:14:53
(epstopdf)                    size: 129719 bytes
(epstopdf)             Output file: <r_y-eps-converted-to.pdf>
(epstopdf)                    date: 2015-03-19 11:52:50
(epstopdf)                    size: 50690 bytes
(epstopdf)             Command: <repstopdf --outfile=r_y-eps-converted-to.pdf r
_y.eps>
(epstopdf)             \includegraphics on input line 298.
Package epstopdf Info: Output file is already uptodate.

<r_y-eps-converted-to.pdf, id=192, 487.8225pt x 382.42876pt>
File: r_y-eps-converted-to.pdf Graphic file (type pdf)

<use r_y-eps-converted-to.pdf>
Package pdftex.def Info: r_y-eps-converted-to.pdf used on input line 298.
(pdftex.def)             Requested size: 112.74377pt x 88.38274pt.
Package epstopdf Info: Source file: <r_z.eps>
(epstopdf)                    date: 2015-03-19 00:14:52
(epstopdf)                    size: 129500 bytes
(epstopdf)             Output file: <r_z-eps-converted-to.pdf>
(epstopdf)                    date: 2015-03-19 11:52:51
(epstopdf)                    size: 50066 bytes
(epstopdf)             Command: <repstopdf --outfile=r_z-eps-converted-to.pdf r
_z.eps>
(epstopdf)             \includegraphics on input line 299.
Package epstopdf Info: Output file is already uptodate.

<r_z-eps-converted-to.pdf, id=193, 487.8225pt x 382.42876pt>
File: r_z-eps-converted-to.pdf Graphic file (type pdf)

<use r_z-eps-converted-to.pdf>
Package pdftex.def Info: r_z-eps-converted-to.pdf used on input line 299.
(pdftex.def)             Requested size: 112.74377pt x 88.38274pt.
Package epstopdf Info: Source file: <r_yaw.eps>
(epstopdf)                    date: 2015-03-19 00:14:55
(epstopdf)                    size: 130081 bytes
(epstopdf)             Output file: <r_yaw-eps-converted-to.pdf>
(epstopdf)                    date: 2015-03-19 11:52:51
(epstopdf)                    size: 50020 bytes
(epstopdf)             Command: <repstopdf --outfile=r_yaw-eps-converted-to.pdf
 r_yaw.eps>
(epstopdf)             \includegraphics on input line 300.
Package epstopdf Info: Output file is already uptodate.

<r_yaw-eps-converted-to.pdf, id=194, 478.78876pt x 382.42876pt>
File: r_yaw-eps-converted-to.pdf Graphic file (type pdf)

<use r_yaw-eps-converted-to.pdf>
Package pdftex.def Info: r_yaw-eps-converted-to.pdf used on input line 300.
(pdftex.def)             Requested size: 112.74377pt x 90.05165pt.


LaTeX Warning: `h' float specifier changed to `ht'.

[8 <./b_x-eps-converted-to.pdf> <./b_y-eps-converted-to.pdf> <./b_z-eps-convert
ed-to.pdf> <./b_yaw-eps-converted-to.pdf> <./i_x-eps-converted-to.pdf> <./i_y-e
ps-converted-to.pdf> <./i_z-eps-converted-to.pdf> <./i_yaw-eps-converted-to.pdf
> <./q_x-eps-converted-to.pdf> <./q_y-eps-converted-to.pdf> <./q_z-eps-converte
d-to.pdf> <./q_yaw-eps-converted-to.pdf>]
Underfull \hbox (badness 10000) in paragraph at lines 309--309
[][][]\OT1/pxr/m/n/8 This is later con-sid-ered to be in-ap-pro-pri-ate. These 
pa-ram-e-ters have been re-estimated us-ing the data col-lected from when the
 []

Package epstopdf Info: Source file: <r_x.eps>
(epstopdf)                    date: 2015-03-19 00:14:54
(epstopdf)                    size: 130685 bytes
(epstopdf)             Output file: <r_x-eps-converted-to.pdf>
(epstopdf)                    date: 2015-03-19 11:52:50
(epstopdf)                    size: 50613 bytes
(epstopdf)             Command: <repstopdf --outfile=r_x-eps-converted-to.pdf r
_x.eps>
(epstopdf)             \includegraphics on input line 327.
Package epstopdf Info: Output file is already uptodate.
File: r_x-eps-converted-to.pdf Graphic file (type pdf)
<use r_x-eps-converted-to.pdf>
Package pdftex.def Info: r_x-eps-converted-to.pdf used on input line 327.
(pdftex.def)             Requested size: 112.74377pt x 88.38274pt.
Package epstopdf Info: Source file: <r_y.eps>
(epstopdf)                    date: 2015-03-19 00:14:53
(epstopdf)                    size: 129719 bytes
(epstopdf)             Output file: <r_y-eps-converted-to.pdf>
(epstopdf)                    date: 2015-03-19 11:52:50
(epstopdf)                    size: 50690 bytes
(epstopdf)             Command: <repstopdf --outfile=r_y-eps-converted-to.pdf r
_y.eps>
(epstopdf)             \includegraphics on input line 328.
Package epstopdf Info: Output file is already uptodate.
File: r_y-eps-converted-to.pdf Graphic file (type pdf)
 <use r_y-eps-converted-to.pdf>
Package pdftex.def Info: r_y-eps-converted-to.pdf used on input line 328.
(pdftex.def)             Requested size: 112.74377pt x 88.38274pt.
Package epstopdf Info: Source file: <r_z.eps>
(epstopdf)                    date: 2015-03-19 00:14:52
(epstopdf)                    size: 129500 bytes
(epstopdf)             Output file: <r_z-eps-converted-to.pdf>
(epstopdf)                    date: 2015-03-19 11:52:51
(epstopdf)                    size: 50066 bytes
(epstopdf)             Command: <repstopdf --outfile=r_z-eps-converted-to.pdf r
_z.eps>
(epstopdf)             \includegraphics on input line 329.
Package epstopdf Info: Output file is already uptodate.
File: r_z-eps-converted-to.pdf Graphic file (type pdf)

<use r_z-eps-converted-to.pdf>
Package pdftex.def Info: r_z-eps-converted-to.pdf used on input line 329.
(pdftex.def)             Requested size: 112.74377pt x 88.38274pt.
Package epstopdf Info: Source file: <r_yaw.eps>
(epstopdf)                    date: 2015-03-19 00:14:55
(epstopdf)                    size: 130081 bytes
(epstopdf)             Output file: <r_yaw-eps-converted-to.pdf>
(epstopdf)                    date: 2015-03-19 11:52:51
(epstopdf)                    size: 50020 bytes
(epstopdf)             Command: <repstopdf --outfile=r_yaw-eps-converted-to.pdf
 r_yaw.eps>
(epstopdf)             \includegraphics on input line 330.
Package epstopdf Info: Output file is already uptodate.
File: r_yaw-eps-converted-to.pdf Graphic file (type pdf)
 <use r_yaw-eps-converted-to.pdf>
Package pdftex.def Info: r_yaw-eps-converted-to.pdf used on input line 330.
(pdftex.def)             Requested size: 112.74377pt x 90.05165pt.

Overfull \hbox (7.9597pt too wide) in paragraph at lines 335--336
[]\OT1/pxr/m/n/10 Figure []22[] shows the mean square er-ror and its dis-tri-bu
-tion for the ob-served po-si-tion against the ground 
 []

Package epstopdf Info: Source file: <MSE.eps>
(epstopdf)                    date: 2015-03-19 10:55:58
(epstopdf)                    size: 82089 bytes
(epstopdf)             Output file: <MSE-eps-converted-to.pdf>
(epstopdf)                    date: 2015-03-19 11:52:54
(epstopdf)                    size: 32731 bytes
(epstopdf)             Command: <repstopdf --outfile=MSE-eps-converted-to.pdf M
SE.eps>
(epstopdf)             \includegraphics on input line 339.
Package epstopdf Info: Output file is already uptodate.
<MSE-eps-converted-to.pdf, id=280, 495.8525pt x 382.42876pt>
File: MSE-eps-converted-to.pdf Graphic file (type pdf)

<use MSE-eps-converted-to.pdf>
Package pdftex.def Info: MSE-eps-converted-to.pdf used on input line 339.
(pdftex.def)             Requested size: 150.32504pt x 115.93742pt.
Package epstopdf Info: Source file: <MSE_dist.eps>
(epstopdf)                    date: 2015-03-19 10:57:13
(epstopdf)                    size: 34078 bytes
(epstopdf)             Output file: <MSE_dist-eps-converted-to.pdf>
(epstopdf)                    date: 2015-03-19 11:52:54
(epstopdf)                    size: 8594 bytes
(epstopdf)             Command: <repstopdf --outfile=MSE_dist-eps-converted-to.
pdf MSE_dist.eps>
(epstopdf)             \includegraphics on input line 340.
Package epstopdf Info: Output file is already uptodate.

<MSE_dist-eps-converted-to.pdf, id=281, 496.85625pt x 382.42876pt>
File: MSE_dist-eps-converted-to.pdf Graphic file (type pdf)

<use MSE_dist-eps-converted-to.pdf>
Package pdftex.def Info: MSE_dist-eps-converted-to.pdf used on input line 340.
(pdftex.def)             Requested size: 150.32504pt x 115.70401pt.
Package epstopdf Info: Source file: <MSE_t.eps>
(epstopdf)                    date: 2015-03-19 11:08:17
(epstopdf)                    size: 47336 bytes
(epstopdf)             Output file: <MSE_t-eps-converted-to.pdf>
(epstopdf)                    date: 2015-03-19 11:52:55
(epstopdf)                    size: 18848 bytes
(epstopdf)             Command: <repstopdf --outfile=MSE_t-eps-converted-to.pdf
 MSE_t.eps>
(epstopdf)             \includegraphics on input line 347.
Package epstopdf Info: Output file is already uptodate.

<MSE_t-eps-converted-to.pdf, id=282, 492.84125pt x 382.42876pt>
File: MSE_t-eps-converted-to.pdf Graphic file (type pdf)

<use MSE_t-eps-converted-to.pdf>
Package pdftex.def Info: MSE_t-eps-converted-to.pdf used on input line 347.
(pdftex.def)             Requested size: 150.32504pt x 116.64934pt.
Package epstopdf Info: Source file: <MSE_x.eps>
(epstopdf)                    date: 2015-03-19 11:08:18
(epstopdf)                    size: 18101 bytes
(epstopdf)             Output file: <MSE_x-eps-converted-to.pdf>
(epstopdf)                    date: 2015-03-19 11:52:55
(epstopdf)                    size: 6898 bytes
(epstopdf)             Command: <repstopdf --outfile=MSE_x-eps-converted-to.pdf
 MSE_x.eps>
(epstopdf)             \includegraphics on input line 348.
Package epstopdf Info: Output file is already uptodate.

<MSE_x-eps-converted-to.pdf, id=283, 493.845pt x 382.42876pt>
File: MSE_x-eps-converted-to.pdf Graphic file (type pdf)

<use MSE_x-eps-converted-to.pdf>
Package pdftex.def Info: MSE_x-eps-converted-to.pdf used on input line 348.
(pdftex.def)             Requested size: 150.32504pt x 116.4101pt.
Package epstopdf Info: Source file: <MSE_y.eps>
(epstopdf)                    date: 2015-03-19 11:08:19
(epstopdf)                    size: 18271 bytes
(epstopdf)             Output file: <MSE_y-eps-converted-to.pdf>
(epstopdf)                    date: 2015-03-19 11:52:55
(epstopdf)                    size: 7074 bytes
(epstopdf)             Command: <repstopdf --outfile=MSE_y-eps-converted-to.pdf
 MSE_y.eps>
(epstopdf)             \includegraphics on input line 349.
Package epstopdf Info: Output file is already uptodate.

<MSE_y-eps-converted-to.pdf, id=284, 493.845pt x 382.42876pt>
File: MSE_y-eps-converted-to.pdf Graphic file (type pdf)

<use MSE_y-eps-converted-to.pdf>
Package pdftex.def Info: MSE_y-eps-converted-to.pdf used on input line 349.
(pdftex.def)             Requested size: 150.32504pt x 116.4101pt.
Package epstopdf Info: Source file: <MSE_z.eps>
(epstopdf)                    date: 2015-03-19 11:08:19
(epstopdf)                    size: 17517 bytes
(epstopdf)             Output file: <MSE_z-eps-converted-to.pdf>
(epstopdf)                    date: 2015-03-19 11:52:56
(epstopdf)                    size: 6776 bytes
(epstopdf)             Command: <repstopdf --outfile=MSE_z-eps-converted-to.pdf
 MSE_z.eps>
(epstopdf)             \includegraphics on input line 350.
Package epstopdf Info: Output file is already uptodate.

<MSE_z-eps-converted-to.pdf, id=285, 493.845pt x 382.42876pt>
File: MSE_z-eps-converted-to.pdf Graphic file (type pdf)

<use MSE_z-eps-converted-to.pdf>
Package pdftex.def Info: MSE_z-eps-converted-to.pdf used on input line 350.
(pdftex.def)             Requested size: 150.32504pt x 116.4101pt.

Overfull \hbox (3.5789pt too wide) in paragraph at lines 355--356
\OT1/pxr/m/n/10 the es-ti-ma-tion. This is be-cause the noise of each es-ti-ma-
tion state will be prop-a-gated to the next state. When 
 []

[9 <./r_x-eps-converted-to.pdf> <./r_y-eps-converted-to.pdf> <./r_z-eps-convert
ed-to.pdf> <./r_yaw-eps-converted-to.pdf>]
Package epstopdf Info: Source file: <evolutus-black.eps>
(epstopdf)                    date: 2015-02-01 13:08:00
(epstopdf)                    size: 6536 bytes
(epstopdf)             Output file: <evolutus-black-eps-converted-to.pdf>
(epstopdf)                    date: 2015-03-19 00:48:52
(epstopdf)                    size: 4855 bytes
(epstopdf)             Command: <repstopdf --outfile=evolutus-black-eps-convert
ed-to.pdf evolutus-black.eps>
(epstopdf)             \includegraphics on input line 359.
Package epstopdf Info: Output file is already uptodate.

<evolutus-black-eps-converted-to.pdf, id=325, 437.635pt x 60.225pt>
File: evolutus-black-eps-converted-to.pdf Graphic file (type pdf)

<use evolutus-black-eps-converted-to.pdf>
Package pdftex.def Info: evolutus-black-eps-converted-to.pdf used on input line
 359.
(pdftex.def)             Requested size: 175.05089pt x 24.08955pt.
Package atveryend Info: Empty hook `BeforeClearDocument' on input line 366.
 [10 <./MSE-eps-converted-to.pdf> <./MSE_dist-eps-converted-to.pdf> <./MSE_t-ep
s-converted-to.pdf> <./MSE_x-eps-converted-to.pdf> <./MSE_y-eps-converted-to.pd
f> <./MSE_z-eps-converted-to.pdf> <./evolutus-black-eps-converted-to.pdf>]
Package atveryend Info: Empty hook `AfterLastShipout' on input line 366.
 (./main.aux)
Package atveryend Info: Executing hook `AtVeryEndDocument' on input line 366.
Package atveryend Info: Executing hook `AtEndAfterFileList' on input line 366.
Package rerunfilecheck Info: File `main.out' has not changed.
(rerunfilecheck)             Checksum: 3FDD3992F914A08C0998A6BA009B3A15;115.
Package atveryend Info: Empty hook `AtVeryVeryEnd' on input line 366.
 ) 
Here is how much of TeX's memory you used:
 19144 strings out of 494999
 329774 string characters out of 6180227
 405844 words of memory out of 5000000
 21852 multiletter control sequences out of 15000+600000
 32010 words of font info for 94 fonts, out of 8000000 for 9000
 14 hyphenation exceptions out of 8191
 56i,11n,55p,895b,791s stack positions out of 5000i,500n,10000p,200000b,80000s
{/usr/share/texlive/texmf-dist/fonts/enc/dvips/base/8r.enc}</usr/share/texliv
e/texmf-dist/fonts/type1/public/pxfonts/pxsy.pfb></usr/share/texlive/texmf-dist
/fonts/type1/public/pxfonts/rpxmi.pfb></usr/share/texlive/texmf-dist/fonts/type
1/public/pxfonts/rpxr.pfb></usr/share/texlive/texmf-dist/fonts/type1/public/txf
onts/txtt.pfb></usr/share/texlive/texmf-dist/fonts/type1/urw/palatino/uplb8a.pf
b></usr/share/texlive/texmf-dist/fonts/type1/urw/palatino/uplr8a.pfb></usr/shar
e/texlive/texmf-dist/fonts/type1/urw/palatino/uplri8a.pfb>
Output written on main.pdf (11 pages, 1507970 bytes).
PDF statistics:
 418 PDF objects out of 1000 (max. 8388607)
 295 compressed objects within 3 object streams
 84 named destinations out of 1000 (max. 500000)
 259 words of extra memory for PDF output out of 10000 (max. 10000000)

