This is pdfTeX, Version 3.1415926-2.5-1.40.14 (TeX Live 2013/Debian) (format=pdflatex 2014.11.30)  19 MAR 2015 02:03
entering extended mode
 restricted \write18 enabled.
 %&-line parsing enabled.
**proj2b.tex
(./proj2b.tex
LaTeX2e <2011/06/27>
Babel <3.9h> and hyphenation patterns for 4 languages loaded.
(/usr/share/texlive/texmf-dist/tex/latex/base/article.cls
Document Class: article 2007/10/19 v1.4h Standard LaTeX document class
(/usr/share/texlive/texmf-dist/tex/latex/base/size12.clo
File: size12.clo 2007/10/19 v1.4h Standard LaTeX file (size option)
)
\c@part=\count79
\c@section=\count80
\c@subsection=\count81
\c@subsubsection=\count82
\c@paragraph=\count83
\c@subparagraph=\count84
\c@figure=\count85
\c@table=\count86
\abovecaptionskip=\skip41
\belowcaptionskip=\skip42
\bibindent=\dimen102
)
(/usr/share/texlive/texmf-dist/tex/latex/preprint/fullpage.sty
Package: fullpage 1999/02/23 1.1 (PWD)
\FP@margin=\skip43
)
(/usr/share/texlive/texmf-dist/tex/latex/amsmath/amsmath.sty
Package: amsmath 2013/01/14 v2.14 AMS math features
\@mathmargin=\skip44

For additional information on amsmath, use the `?' option.
(/usr/share/texlive/texmf-dist/tex/latex/amsmath/amstext.sty
Package: amstext 2000/06/29 v2.01

(/usr/share/texlive/texmf-dist/tex/latex/amsmath/amsgen.sty
File: amsgen.sty 1999/11/30 v2.0
\@emptytoks=\toks14
\ex@=\dimen103
))
(/usr/share/texlive/texmf-dist/tex/latex/amsmath/amsbsy.sty
Package: amsbsy 1999/11/29 v1.2d
\pmbraise@=\dimen104
)
(/usr/share/texlive/texmf-dist/tex/latex/amsmath/amsopn.sty
Package: amsopn 1999/12/14 v2.01 operator names
)
\inf@bad=\count87
LaTeX Info: Redefining \frac on input line 210.
\uproot@=\count88
\leftroot@=\count89
LaTeX Info: Redefining \overline on input line 306.
\classnum@=\count90
\DOTSCASE@=\count91
LaTeX Info: Redefining \ldots on input line 378.
LaTeX Info: Redefining \dots on input line 381.
LaTeX Info: Redefining \cdots on input line 466.
\Mathstrutbox@=\box26
\strutbox@=\box27
\big@size=\dimen105
LaTeX Font Info:    Redeclaring font encoding OML on input line 566.
LaTeX Font Info:    Redeclaring font encoding OMS on input line 567.
\macc@depth=\count92
\c@MaxMatrixCols=\count93
\dotsspace@=\muskip10
\c@parentequation=\count94
\dspbrk@lvl=\count95
\tag@help=\toks15
\row@=\count96
\column@=\count97
\maxfields@=\count98
\andhelp@=\toks16
\eqnshift@=\dimen106
\alignsep@=\dimen107
\tagshift@=\dimen108
\tagwidth@=\dimen109
\totwidth@=\dimen110
\lineht@=\dimen111
\@envbody=\toks17
\multlinegap=\skip45
\multlinetaggap=\skip46
\mathdisplay@stack=\toks18
LaTeX Info: Redefining \[ on input line 2665.
LaTeX Info: Redefining \] on input line 2666.
)
(/usr/share/texlive/texmf-dist/tex/latex/base/textcomp.sty
Package: textcomp 2005/09/27 v1.99g Standard LaTeX package
Package textcomp Info: Sub-encoding information:
(textcomp)               5 = only ISO-Adobe without \textcurrency
(textcomp)               4 = 5 + \texteuro
(textcomp)               3 = 4 + \textohm
(textcomp)               2 = 3 + \textestimated + \textcurrency
(textcomp)               1 = TS1 - \textcircled - \t
(textcomp)               0 = TS1 (full)
(textcomp)             Font families with sub-encoding setting implement
(textcomp)             only a restricted character set as indicated.
(textcomp)             Family '?' is the default used for unknown fonts.
(textcomp)             See the documentation for details.
Package textcomp Info: Setting ? sub-encoding to TS1/1 on input line 71.

(/usr/share/texlive/texmf-dist/tex/latex/base/ts1enc.def
File: ts1enc.def 2001/06/05 v3.0e (jk/car/fm) Standard LaTeX file
)
LaTeX Info: Redefining \oldstylenums on input line 266.
Package textcomp Info: Setting cmr sub-encoding to TS1/0 on input line 281.
Package textcomp Info: Setting cmss sub-encoding to TS1/0 on input line 282.
Package textcomp Info: Setting cmtt sub-encoding to TS1/0 on input line 283.
Package textcomp Info: Setting cmvtt sub-encoding to TS1/0 on input line 284.
Package textcomp Info: Setting cmbr sub-encoding to TS1/0 on input line 285.
Package textcomp Info: Setting cmtl sub-encoding to TS1/0 on input line 286.
Package textcomp Info: Setting ccr sub-encoding to TS1/0 on input line 287.
Package textcomp Info: Setting ptm sub-encoding to TS1/4 on input line 288.
Package textcomp Info: Setting pcr sub-encoding to TS1/4 on input line 289.
Package textcomp Info: Setting phv sub-encoding to TS1/4 on input line 290.
Package textcomp Info: Setting ppl sub-encoding to TS1/3 on input line 291.
Package textcomp Info: Setting pag sub-encoding to TS1/4 on input line 292.
Package textcomp Info: Setting pbk sub-encoding to TS1/4 on input line 293.
Package textcomp Info: Setting pnc sub-encoding to TS1/4 on input line 294.
Package textcomp Info: Setting pzc sub-encoding to TS1/4 on input line 295.
Package textcomp Info: Setting bch sub-encoding to TS1/4 on input line 296.
Package textcomp Info: Setting put sub-encoding to TS1/5 on input line 297.
Package textcomp Info: Setting uag sub-encoding to TS1/5 on input line 298.
Package textcomp Info: Setting ugq sub-encoding to TS1/5 on input line 299.
Package textcomp Info: Setting ul8 sub-encoding to TS1/4 on input line 300.
Package textcomp Info: Setting ul9 sub-encoding to TS1/4 on input line 301.
Package textcomp Info: Setting augie sub-encoding to TS1/5 on input line 302.
Package textcomp Info: Setting dayrom sub-encoding to TS1/3 on input line 303.
Package textcomp Info: Setting dayroms sub-encoding to TS1/3 on input line 304.

Package textcomp Info: Setting pxr sub-encoding to TS1/0 on input line 305.
Package textcomp Info: Setting pxss sub-encoding to TS1/0 on input line 306.
Package textcomp Info: Setting pxtt sub-encoding to TS1/0 on input line 307.
Package textcomp Info: Setting txr sub-encoding to TS1/0 on input line 308.
Package textcomp Info: Setting txss sub-encoding to TS1/0 on input line 309.
Package textcomp Info: Setting txtt sub-encoding to TS1/0 on input line 310.
Package textcomp Info: Setting lmr sub-encoding to TS1/0 on input line 311.
Package textcomp Info: Setting lmdh sub-encoding to TS1/0 on input line 312.
Package textcomp Info: Setting lmss sub-encoding to TS1/0 on input line 313.
Package textcomp Info: Setting lmssq sub-encoding to TS1/0 on input line 314.
Package textcomp Info: Setting lmvtt sub-encoding to TS1/0 on input line 315.
Package textcomp Info: Setting qhv sub-encoding to TS1/0 on input line 316.
Package textcomp Info: Setting qag sub-encoding to TS1/0 on input line 317.
Package textcomp Info: Setting qbk sub-encoding to TS1/0 on input line 318.
Package textcomp Info: Setting qcr sub-encoding to TS1/0 on input line 319.
Package textcomp Info: Setting qcs sub-encoding to TS1/0 on input line 320.
Package textcomp Info: Setting qpl sub-encoding to TS1/0 on input line 321.
Package textcomp Info: Setting qtm sub-encoding to TS1/0 on input line 322.
Package textcomp Info: Setting qzc sub-encoding to TS1/0 on input line 323.
Package textcomp Info: Setting qhvc sub-encoding to TS1/0 on input line 324.
Package textcomp Info: Setting futs sub-encoding to TS1/4 on input line 325.
Package textcomp Info: Setting futx sub-encoding to TS1/4 on input line 326.
Package textcomp Info: Setting futj sub-encoding to TS1/4 on input line 327.
Package textcomp Info: Setting hlh sub-encoding to TS1/3 on input line 328.
Package textcomp Info: Setting hls sub-encoding to TS1/3 on input line 329.
Package textcomp Info: Setting hlst sub-encoding to TS1/3 on input line 330.
Package textcomp Info: Setting hlct sub-encoding to TS1/5 on input line 331.
Package textcomp Info: Setting hlx sub-encoding to TS1/5 on input line 332.
Package textcomp Info: Setting hlce sub-encoding to TS1/5 on input line 333.
Package textcomp Info: Setting hlcn sub-encoding to TS1/5 on input line 334.
Package textcomp Info: Setting hlcw sub-encoding to TS1/5 on input line 335.
Package textcomp Info: Setting hlcf sub-encoding to TS1/5 on input line 336.
Package textcomp Info: Setting pplx sub-encoding to TS1/3 on input line 337.
Package textcomp Info: Setting pplj sub-encoding to TS1/3 on input line 338.
Package textcomp Info: Setting ptmx sub-encoding to TS1/4 on input line 339.
Package textcomp Info: Setting ptmj sub-encoding to TS1/4 on input line 340.
)
(/usr/share/texlive/texmf-dist/tex/latex/amsfonts/amssymb.sty
Package: amssymb 2013/01/14 v3.01 AMS font symbols

(/usr/share/texlive/texmf-dist/tex/latex/amsfonts/amsfonts.sty
Package: amsfonts 2013/01/14 v3.01 Basic AMSFonts support
\symAMSa=\mathgroup4
\symAMSb=\mathgroup5
LaTeX Font Info:    Overwriting math alphabet `\mathfrak' in version `bold'
(Font)                  U/euf/m/n --> U/euf/b/n on input line 106.
))
(/usr/share/texlive/texmf-dist/tex/latex/fancyhdr/fancyhdr.sty
\fancy@headwidth=\skip47
\f@ncyO@elh=\skip48
\f@ncyO@erh=\skip49
\f@ncyO@olh=\skip50
\f@ncyO@orh=\skip51
\f@ncyO@elf=\skip52
\f@ncyO@erf=\skip53
\f@ncyO@olf=\skip54
\f@ncyO@orf=\skip55
)
(/usr/share/texlive/texmf-dist/tex/latex/graphics/graphicx.sty
Package: graphicx 1999/02/16 v1.0f Enhanced LaTeX Graphics (DPC,SPQR)

(/usr/share/texlive/texmf-dist/tex/latex/graphics/keyval.sty
Package: keyval 1999/03/16 v1.13 key=value parser (DPC)
\KV@toks@=\toks19
)
(/usr/share/texlive/texmf-dist/tex/latex/graphics/graphics.sty
Package: graphics 2009/02/05 v1.0o Standard LaTeX Graphics (DPC,SPQR)

(/usr/share/texlive/texmf-dist/tex/latex/graphics/trig.sty
Package: trig 1999/03/16 v1.09 sin cos tan (DPC)
)
(/usr/share/texlive/texmf-dist/tex/latex/latexconfig/graphics.cfg
File: graphics.cfg 2010/04/23 v1.9 graphics configuration of TeX Live
)
Package graphics Info: Driver file: pdftex.def on input line 91.

(/usr/share/texlive/texmf-dist/tex/latex/pdftex-def/pdftex.def
File: pdftex.def 2011/05/27 v0.06d Graphics/color for pdfTeX

(/usr/share/texlive/texmf-dist/tex/generic/oberdiek/infwarerr.sty
Package: infwarerr 2010/04/08 v1.3 Providing info/warning/error messages (HO)
)
(/usr/share/texlive/texmf-dist/tex/generic/oberdiek/ltxcmds.sty
Package: ltxcmds 2011/11/09 v1.22 LaTeX kernel commands for general use (HO)
)
\Gread@gobject=\count99
))
\Gin@req@height=\dimen112
\Gin@req@width=\dimen113
)
(/usr/share/texlive/texmf-dist/tex/latex/tools/array.sty
Package: array 2008/09/09 v2.4c Tabular extension package (FMi)
\col@sep=\dimen114
\extrarowheight=\dimen115
\NC@list=\toks20
\extratabsurround=\skip56
\backup@length=\skip57
)
(/usr/share/texlive/texmf-dist/tex/latex/multirow/multirow.sty
\bigstrutjot=\dimen116
)
(/usr/share/texlive/texmf-dist/tex/latex/subfig/subfig.sty
Package: subfig 2005/06/28 ver: 1.3 subfig package

(/usr/share/texlive/texmf-dist/tex/latex/caption/caption.sty
Package: caption 2013/05/02 v3.3-89 Customizing captions (AR)

(/usr/share/texlive/texmf-dist/tex/latex/caption/caption3.sty
Package: caption3 2013/05/02 v1.6-88 caption3 kernel (AR)
Package caption3 Info: TeX engine: e-TeX on input line 57.
\captionmargin=\dimen117
\captionmargin@=\dimen118
\captionwidth=\dimen119
\caption@tempdima=\dimen120
\caption@indent=\dimen121
\caption@parindent=\dimen122
\caption@hangindent=\dimen123
)
\c@ContinuedFloat=\count100
)
\c@KVtest=\count101
\sf@farskip=\skip58
\sf@captopadj=\dimen124
\sf@capskip=\skip59
\sf@nearskip=\skip60
\c@subfigure=\count102
\c@subfigure@save=\count103
\c@lofdepth=\count104
\c@subtable=\count105
\c@subtable@save=\count106
\c@lotdepth=\count107
\sf@top=\skip61
\sf@bottom=\skip62
)
(/usr/share/texlive/texmf-dist/tex/latex/base/fontenc.sty
Package: fontenc 2005/09/27 v1.99g Standard LaTeX package

(/usr/share/texlive/texmf-dist/tex/latex/base/t1enc.def
File: t1enc.def 2005/09/27 v1.99g Standard LaTeX file
LaTeX Font Info:    Redeclaring font encoding T1 on input line 43.
))
(/usr/share/texlive/texmf-dist/tex/latex/enumitem/enumitem.sty
Package: enumitem 2011/09/28 v3.5.2 Customized lists
\labelindent=\skip63
\enit@outerparindent=\dimen125
\enit@toks=\toks21
\enit@inbox=\box28
\enitdp@description=\count108
)
(/usr/share/texlive/texmf-dist/tex/latex/listings/listings.sty
\lst@mode=\count109
\lst@gtempboxa=\box29
\lst@token=\toks22
\lst@length=\count110
\lst@currlwidth=\dimen126
\lst@column=\count111
\lst@pos=\count112
\lst@lostspace=\dimen127
\lst@width=\dimen128
\lst@newlines=\count113
\lst@lineno=\count114
\lst@maxwidth=\dimen129

(/usr/share/texlive/texmf-dist/tex/latex/listings/lstmisc.sty
File: lstmisc.sty 2013/08/26 1.5b (Carsten Heinz)
\c@lstnumber=\count115
\lst@skipnumbers=\count116
\lst@framebox=\box30
)
(/usr/share/texlive/texmf-dist/tex/latex/listings/listings.cfg
File: listings.cfg 2013/08/26 1.5b listings configuration
))
Package: listings 2013/08/26 1.5b (Carsten Heinz)

No file proj2b.aux.
\openout1 = `proj2b.aux'.

LaTeX Font Info:    Checking defaults for OML/cmm/m/it on input line 35.
LaTeX Font Info:    ... okay on input line 35.
LaTeX Font Info:    Checking defaults for T1/cmr/m/n on input line 35.
LaTeX Font Info:    ... okay on input line 35.
LaTeX Font Info:    Checking defaults for OT1/cmr/m/n on input line 35.
LaTeX Font Info:    ... okay on input line 35.
LaTeX Font Info:    Checking defaults for OMS/cmsy/m/n on input line 35.
LaTeX Font Info:    ... okay on input line 35.
LaTeX Font Info:    Checking defaults for OMX/cmex/m/n on input line 35.
LaTeX Font Info:    ... okay on input line 35.
LaTeX Font Info:    Checking defaults for U/cmr/m/n on input line 35.
LaTeX Font Info:    ... okay on input line 35.
LaTeX Font Info:    Checking defaults for TS1/cmr/m/n on input line 35.
LaTeX Font Info:    Try loading font information for TS1+cmr on input line 35.
(/usr/share/texlive/texmf-dist/tex/latex/base/ts1cmr.fd
File: ts1cmr.fd 1999/05/25 v2.5h Standard LaTeX font definitions
)
LaTeX Font Info:    ... okay on input line 35.

(/usr/share/texlive/texmf-dist/tex/context/base/supp-pdf.mkii
[Loading MPS to PDF converter (version 2006.09.02).]
\scratchcounter=\count117
\scratchdimen=\dimen130
\scratchbox=\box31
\nofMPsegments=\count118
\nofMParguments=\count119
\everyMPshowfont=\toks23
\MPscratchCnt=\count120
\MPscratchDim=\dimen131
\MPnumerator=\count121
\makeMPintoPDFobject=\count122
\everyMPtoPDFconversion=\toks24
) (/usr/share/texlive/texmf-dist/tex/generic/oberdiek/pdftexcmds.sty
Package: pdftexcmds 2011/11/29 v0.20 Utility functions of pdfTeX for LuaTeX (HO
)

(/usr/share/texlive/texmf-dist/tex/generic/oberdiek/ifluatex.sty
Package: ifluatex 2010/03/01 v1.3 Provides the ifluatex switch (HO)
Package ifluatex Info: LuaTeX not detected.
)
(/usr/share/texlive/texmf-dist/tex/generic/oberdiek/ifpdf.sty
Package: ifpdf 2011/01/30 v2.3 Provides the ifpdf switch (HO)
Package ifpdf Info: pdfTeX in PDF mode is detected.
)
Package pdftexcmds Info: LuaTeX not detected.
Package pdftexcmds Info: \pdf@primitive is available.
Package pdftexcmds Info: \pdf@ifprimitive is available.
Package pdftexcmds Info: \pdfdraftmode found.
)
(/usr/share/texlive/texmf-dist/tex/latex/oberdiek/epstopdf-base.sty
Package: epstopdf-base 2010/02/09 v2.5 Base part for package epstopdf

(/usr/share/texlive/texmf-dist/tex/latex/oberdiek/grfext.sty
Package: grfext 2010/08/19 v1.1 Manage graphics extensions (HO)

(/usr/share/texlive/texmf-dist/tex/generic/oberdiek/kvdefinekeys.sty
Package: kvdefinekeys 2011/04/07 v1.3 Define keys (HO)
))
(/usr/share/texlive/texmf-dist/tex/latex/oberdiek/kvoptions.sty
Package: kvoptions 2011/06/30 v3.11 Key value format for package options (HO)

(/usr/share/texlive/texmf-dist/tex/generic/oberdiek/kvsetkeys.sty
Package: kvsetkeys 2012/04/25 v1.16 Key value parser (HO)

(/usr/share/texlive/texmf-dist/tex/generic/oberdiek/etexcmds.sty
Package: etexcmds 2011/02/16 v1.5 Avoid name clashes with e-TeX commands (HO)
Package etexcmds Info: Could not find \expanded.
(etexcmds)             That can mean that you are not using pdfTeX 1.50 or
(etexcmds)             that some package has redefined \expanded.
(etexcmds)             In the latter case, load this package earlier.
)))
Package grfext Info: Graphics extension search list:
(grfext)             [.png,.pdf,.jpg,.mps,.jpeg,.jbig2,.jb2,.PNG,.PDF,.JPG,.JPE
G,.JBIG2,.JB2,.eps]
(grfext)             \AppendGraphicsExtensions on input line 452.

(/usr/share/texlive/texmf-dist/tex/latex/latexconfig/epstopdf-sys.cfg
File: epstopdf-sys.cfg 2010/07/13 v1.3 Configuration of (r)epstopdf for TeX Liv
e
))
Package caption Info: Begin \AtBeginDocument code.
Package caption Info: subfig package v1.3 is loaded.
Package caption Info: listings package is loaded.
Package caption Info: End \AtBeginDocument code.
\c@lstlisting=\count123
LaTeX Font Info:    Try loading font information for T1+cmtt on input line 46.

(/usr/share/texlive/texmf-dist/tex/latex/base/t1cmtt.fd
File: t1cmtt.fd 1999/05/25 v2.5h Standard LaTeX font definitions
)

LaTeX Warning: Reference `feature' on page 1 undefined on input line 49.

<feature.png, id=1, 1082.0425pt x 346.29375pt>
File: feature.png Graphic file (type png)
 <use feature.png>
Package pdftex.def Info: feature.png used on input line 56.
(pdftex.def)             Requested size: 451.68915pt x 144.55466pt.

<featureoutlier.png, id=3, 753.81625pt x 240.9pt>
File: featureoutlier.png Graphic file (type png)
 <use featureoutlier.png>
Package pdftex.def Info: featureoutlier.png used on input line 61.
(pdftex.def)             Requested size: 451.68915pt x 144.34628pt.


Package Fancyhdr Warning: \headheight is too small (0.0pt): 
 Make it at least 14.49998pt.
 We now make it that large for the rest of the document.
 This may cause the page layout to be inconsistent, however.

[1{/var/lib/texmf/fonts/map/pdftex/updmap/pdftex.map}

 <./feature.png> <./featureoutlier.png>]
LaTeX Font Info:    Try loading font information for U+msa on input line 68.
 (/usr/share/texlive/texmf-dist/tex/latex/amsfonts/umsa.fd
File: umsa.fd 2013/01/14 v3.01 AMS symbols A
)
LaTeX Font Info:    Try loading font information for U+msb on input line 68.

(/usr/share/texlive/texmf-dist/tex/latex/amsfonts/umsb.fd
File: umsb.fd 2013/01/14 v3.01 AMS symbols B
)

LaTeX Warning: Reference `feature' on page 2 undefined on input line 68.


LaTeX Warning: Reference `3d' on page 2 undefined on input line 68.

<3dfront.png, id=17, 1043.9pt x 583.17876pt>
File: 3dfront.png Graphic file (type png)
 <use 3dfront.png>
Package pdftex.def Info: 3dfront.png used on input line 74.
(pdftex.def)             Requested size: 305.44704pt x 170.63812pt.

<3dperspective.png, id=18, 1176.395pt x 613.29124pt>
File: 3dperspective.png Graphic file (type png)
 <use 3dperspective.png>
Package pdftex.def Info: 3dperspective.png used on input line 78.
(pdftex.def)             Requested size: 327.30612pt x 170.63812pt.

<3dtop.png, id=19, 1040.88875pt x 586.19pt>
File: 3dtop.png Graphic file (type png)
 <use 3dtop.png>
Package pdftex.def Info: 3dtop.png used on input line 82.
(pdftex.def)             Requested size: 302.99356pt x 170.63812pt.


LaTeX Warning: `!h' float specifier changed to `!ht'.


LaTeX Warning: Reference `featureoutlier' on page 2 undefined on input line 90.



Overfull \hbox (3.20538pt too wide) in paragraph at lines 88--92
\T1/cmr/m/n/12 To re-ject out-lier cor-re-spon-dences, the com-pe-ti-tion of $\
OML/cmm/m/it/12 P[]$ \T1/cmr/m/n/12 was wrapped within a RANSAC
 []


LaTeX Warning: Reference `traj' on page 2 undefined on input line 99.


LaTeX Warning: Reference `trajfront' on page 2 undefined on input line 99.


LaTeX Warning: Reference `pos' on page 2 undefined on input line 99.


LaTeX Warning: Reference `orient' on page 2 undefined on input line 99.

<trajside.png, id=20, 1071.00125pt x 588.1975pt>
File: trajside.png Graphic file (type png)
 <use trajside.png>
Package pdftex.def Info: trajside.png used on input line 106.
(pdftex.def)             Requested size: 292.42628pt x 160.60059pt.

<trajperspective.png, id=21, 1129.21875pt x 610.28pt>
File: trajperspective.png Graphic file (type png)

<use trajperspective.png>
Package pdftex.def Info: trajperspective.png used on input line 110.
(pdftex.def)             Requested size: 297.15666pt x 160.60059pt.
 <trajtop.png, id=22, 1060.96375pt x 594.22pt>
File: trajtop.png Graphic file (type png)

<use trajtop.png>
Package pdftex.def Info: trajtop.png used on input line 115.
(pdftex.def)             Requested size: 286.75543pt x 160.60059pt.


LaTeX Warning: `!h' float specifier changed to `!ht'.

<position_adjusted.png, id=23, 1044.90375pt x 580.1675pt>
File: position_adjusted.png Graphic file (type png)

<use position_adjusted.png>
Package pdftex.def Info: position_adjusted.png used on input line 122.
(pdftex.def)             Requested size: 451.68915pt x 250.79504pt.


LaTeX Warning: `!h' float specifier changed to `!ht'.

<orientation.png, id=24, 1058.95625pt x 587.19376pt>
File: orientation.png Graphic file (type png)
 <use orientation.png>
Package pdftex.def Info: orientation.png used on input line 129.
(pdftex.def)             Requested size: 451.68915pt x 250.46347pt.


LaTeX Warning: `!h' float specifier changed to `!ht'.


LaTeX Warning: Reference `traj_iter' on page 2 undefined on input line 138.


LaTeX Warning: Reference `pos_iter' on page 2 undefined on input line 138.


LaTeX Warning: Reference `orient_iter' on page 2 undefined on input line 138.

[2] <trajside_iter.png, id=34, 1077.02374pt x 591.20876pt>
File: trajside_iter.png Graphic file (type png)

<use trajside_iter.png>
Package pdftex.def Info: trajside_iter.png used on input line 144.
(pdftex.def)             Requested size: 292.55873pt x 160.60059pt.

<trajperspective_iter.png, id=35, 1131.22626pt x 613.29124pt>
File: trajperspective_iter.png Graphic file (type png)

<use trajperspective_iter.png>
Package pdftex.def Info: trajperspective_iter.png used on input line 148.
(pdftex.def)             Requested size: 296.21774pt x 160.60059pt.

<trajtop_iter.png, id=36, 1063.975pt x 588.1975pt>
File: trajtop_iter.png Graphic file (type png)
 <use trajtop_iter.png>
Package pdftex.def Info: trajtop_iter.png used on input line 152.
(pdftex.def)             Requested size: 290.50784pt x 160.60059pt.


LaTeX Warning: `!h' float specifier changed to `!ht'.

<position_adjusted_iter.png, id=37, 1057.9525pt x 584.1825pt>
File: position_adjusted_iter.png Graphic file (type png)

<use position_adjusted_iter.png>
Package pdftex.def Info: position_adjusted_iter.png used on input line 159.
(pdftex.def)             Requested size: 451.68915pt x 249.4108pt.


LaTeX Warning: `!h' float specifier changed to `!ht'.

<orientation_iter.png, id=38, 1069.9975pt x 584.1825pt>
File: orientation_iter.png Graphic file (type png)

<use orientation_iter.png>
Package pdftex.def Info: orientation_iter.png used on input line 166.
(pdftex.def)             Requested size: 451.68915pt x 246.61183pt.


LaTeX Warning: `!h' float specifier changed to `!ht'.


LaTeX Warning: Reference `traj_thres' on page 3 undefined on input line 172.


LaTeX Warning: Reference `pos_thres' on page 3 undefined on input line 172.


LaTeX Warning: Reference `orient_thres' on page 3 undefined on input line 172.

<trajside_thres.png, id=39, 1063.975pt x 585.18625pt>
File: trajside_thres.png Graphic file (type png)
 <use trajside_thres.png>
Package pdftex.def Info: trajside_thres.png used on input line 178.
(pdftex.def)             Requested size: 292.00145pt x 160.60059pt.

<trajperspective_thres.png, id=40, 1197.47375pt x 626.34pt>
File: trajperspective_thres.png Graphic file (type png)

<use trajperspective_thres.png>
Package pdftex.def Info: trajperspective_thres.png used on input line 182.
(pdftex.def)             Requested size: 307.04192pt x 160.60059pt.

<trajtop_thres.png, id=41, 1068.99374pt x 595.22375pt>
File: trajtop_thres.png Graphic file (type png)
 <use trajtop_thres.png>
Package pdftex.def Info: trajtop_thres.png used on input line 186.
(pdftex.def)             Requested size: 288.42012pt x 160.60059pt.


LaTeX Warning: `!h' float specifier changed to `!ht'.

<position_adjusted_thres.png, id=42, 1053.9375pt x 581.17125pt>
File: position_adjusted_thres.png Graphic file (type png)

<use position_adjusted_thres.png>
Package pdftex.def Info: position_adjusted_thres.png used on input line 193.
(pdftex.def)             Requested size: 451.68915pt x 249.07405pt.


LaTeX Warning: `!h' float specifier changed to `!ht'.

<orientation_thres.png, id=43, 1053.9375pt x 578.16pt>
File: orientation_thres.png Graphic file (type png)

<use orientation_thres.png>
Package pdftex.def Info: orientation_thres.png used on input line 200.
(pdftex.def)             Requested size: 451.68915pt x 247.78351pt.


LaTeX Warning: `!h' float specifier changed to `!ht'.

[3]

LaTeX Warning: Reference `trajtop' on page 4 undefined on input line 210.


LaTeX Warning: Reference `trajside' on page 4 undefined on input line 210.


LaTeX Warning: Reference `pos_drift' on page 4 undefined on input line 210.


LaTeX Warning: Reference `orient_drift' on page 4 undefined on input line 210.


LaTeX Warning: Reference `traj_int7' on page 4 undefined on input line 211.


LaTeX Warning: Reference `pos_int7' on page 4 undefined on input line 211.


LaTeX Warning: Reference `orient_int7' on page 4 undefined on input line 211.

[4] <position_drift.png, id=51, 1066.98625pt x 595.22375pt>
File: position_drift.png Graphic file (type png)

<use position_drift.png>
Package pdftex.def Info: position_drift.png used on input line 217.
(pdftex.def)             Requested size: 451.68915pt x 251.97223pt.


LaTeX Warning: `!h' float specifier changed to `!ht'.

<orientation_drift.png, id=52, 1081.03876pt x 602.25pt>
File: orientation_drift.png Graphic file (type png)

<use orientation_drift.png>
Package pdftex.def Info: orientation_drift.png used on input line 224.
(pdftex.def)             Requested size: 451.68915pt x 251.63835pt.


LaTeX Warning: `!h' float specifier changed to `!ht'.

<trajside_int7.png, id=53, 1076.02pt x 594.22pt>
File: trajside_int7.png Graphic file (type png)
 <use trajside_int7.png>
Package pdftex.def Info: trajside_int7.png used on input line 233.
(pdftex.def)             Requested size: 290.82483pt x 160.60059pt.

<trajperspective_int7.png, id=54, 1116.17pt x 613.29124pt>
File: trajperspective_int7.png Graphic file (type png)

<use trajperspective_int7.png>
Package pdftex.def Info: trajperspective_int7.png used on input line 237.
(pdftex.def)             Requested size: 292.27518pt x 160.60059pt.

<trajtop_int7.png, id=55, 1075.01625pt x 588.1975pt>
File: trajtop_int7.png Graphic file (type png)
 <use trajtop_int7.png>
Package pdftex.def Info: trajtop_int7.png used on input line 241.
(pdftex.def)             Requested size: 293.52255pt x 160.60059pt.


LaTeX Warning: `!h' float specifier changed to `!ht'.

<position_adjusted_int7.png, id=56, 1055.945pt x 587.19376pt>
File: position_adjusted_int7.png Graphic file (type png)

<use position_adjusted_int7.png>
Package pdftex.def Info: position_adjusted_int7.png used on input line 248.
(pdftex.def)             Requested size: 451.68915pt x 251.1713pt.


LaTeX Warning: `!h' float specifier changed to `!ht'.

<orientation_int7.png, id=57, 1064.97874pt x 590.205pt>
File: orientation_int7.png Graphic file (type png)

<use orientation_int7.png>
Package pdftex.def Info: orientation_int7.png used on input line 255.
(pdftex.def)             Requested size: 451.68915pt x 250.32497pt.


LaTeX Warning: `!h' float specifier changed to `!ht'.

[5 <./3dfront.png> <./3dperspective.png> <./3dtop.png>] [6 <./trajside.png> <./
trajperspective.png> <./trajtop.png>] [7 <./position_adjusted.png> <./orientati
on.png>] [8 <./trajside_iter.png> <./trajperspective_iter.png> <./trajtop_iter.
png>] [9 <./position_adjusted_iter.png> <./orientation_iter.png>] [10 <./trajsi
de_thres.png> <./trajperspective_thres.png> <./trajtop_thres.png>] [11 <./posit
ion_adjusted_thres.png> <./orientation_thres.png>] [12 <./position_drift.png> <
./orientation_drift.png>] [13 <./trajside_int7.png> <./trajperspective_int7.png
> <./trajtop_int7.png>] [14 <./position_adjusted_int7.png> <./orientation_int7.
png>] (./proj2b.aux)

LaTeX Warning: There were undefined references.


LaTeX Warning: Label(s) may have changed. Rerun to get cross-references right.

 ) 
Here is how much of TeX's memory you used:
 6088 strings out of 494999
 89683 string characters out of 6180227
 147690 words of memory out of 5000000
 9189 multiletter control sequences out of 15000+600000
 17413 words of font info for 45 fonts, out of 8000000 for 9000
 14 hyphenation exceptions out of 8191
 44i,10n,47p,802b,602s stack positions out of 5000i,500n,10000p,200000b,80000s
 </home/dawei/.texmf-var/fonts/pk/ljfour/jknappen/ec/tcrm1200.600pk> </home/d
awei/.texmf-var/fonts/pk/ljfour/jknappen/ec/ecrm1000.600pk> </home/dawei/.texmf
-var/fonts/pk/ljfour/jknappen/ec/ecbx1200.600pk> </home/dawei/.texmf-var/fonts/
pk/ljfour/jknappen/ec/ectt1200.600pk> </home/dawei/.texmf-var/fonts/pk/ljfour/j
knappen/ec/ecbx1728.600pk> </home/dawei/.texmf-var/fonts/pk/ljfour/jknappen/ec/
ecbx1440.600pk> </home/dawei/.texmf-var/fonts/pk/ljfour/jknappen/ec/ecrm1200.60
0pk></usr/share/texlive/texmf-dist/fonts/type1/public/amsfonts/cm/cmmi12.pfb></
usr/share/texlive/texmf-dist/fonts/type1/public/amsfonts/cm/cmmi8.pfb></usr/sha
re/texlive/texmf-dist/fonts/type1/public/amsfonts/cm/cmr12.pfb></usr/share/texl
ive/texmf-dist/fonts/type1/public/amsfonts/cm/cmr8.pfb></usr/share/texlive/texm
f-dist/fonts/type1/public/amsfonts/cm/cmsy10.pfb></usr/share/texlive/texmf-dist
/fonts/type1/public/amsfonts/cm/cmsy8.pfb>
Output written on proj2b.pdf (14 pages, 755767 bytes).
PDF statistics:
 319 PDF objects out of 1000 (max. 8388607)
 80 compressed objects within 1 object stream
 0 named destinations out of 1000 (max. 500000)
 136 words of extra memory for PDF output out of 10000 (max. 10000000)

